{"C:\\Users\\name\\Documents\\GitHub\\SOEN390\\components\\InputComponents\\AutoCompleteSearchWrapper.tsx": {"path":"C:\\Users\\name\\Documents\\GitHub\\SOEN390\\components\\InputComponents\\AutoCompleteSearchWrapper.tsx","statementMap":{"0":{"start":{"line":11,"column":41},"end":{"line":143,"column":1}},"1":{"start":{"line":25,"column":44},"end":{"line":25,"column":56}},"2":{"start":{"line":28,"column":29},"end":{"line":82,"column":1}},"3":{"start":{"line":29,"column":4},"end":{"line":29,"column":39}},"4":{"start":{"line":29,"column":32},"end":{"line":29,"column":39}},"5":{"start":{"line":31,"column":23},"end":{"line":31,"column":63}},"6":{"start":{"line":32,"column":4},"end":{"line":32,"column":28}},"7":{"start":{"line":35,"column":4},"end":{"line":35,"column":28}},"8":{"start":{"line":35,"column":21},"end":{"line":35,"column":28}},"9":{"start":{"line":36,"column":37},"end":{"line":36,"column":47}},"10":{"start":{"line":39,"column":14},"end":{"line":39,"column":21}},"11":{"start":{"line":40,"column":18},"end":{"line":40,"column":64}},"12":{"start":{"line":40,"column":43},"end":{"line":40,"column":64}},"13":{"start":{"line":42,"column":17},"end":{"line":42,"column":63}},"14":{"start":{"line":43,"column":17},"end":{"line":43,"column":65}},"15":{"start":{"line":46,"column":4},"end":{"line":49,"column":31}},"16":{"start":{"line":51,"column":14},"end":{"line":51,"column":60}},"17":{"start":{"line":52,"column":27},"end":{"line":52,"column":48}},"18":{"start":{"line":54,"column":4},"end":{"line":54,"column":80}},"19":{"start":{"line":56,"column":4},"end":{"line":81,"column":5}},"20":{"start":{"line":57,"column":32},"end":{"line":63,"column":5}},"21":{"start":{"line":65,"column":4},"end":{"line":68,"column":5}},"22":{"start":{"line":66,"column":8},"end":{"line":66,"column":99}},"23":{"start":{"line":67,"column":8},"end":{"line":67,"column":15}},"24":{"start":{"line":70,"column":4},"end":{"line":70,"column":24}},"25":{"start":{"line":71,"column":4},"end":{"line":77,"column":5}},"26":{"start":{"line":72,"column":8},"end":{"line":75,"column":11}},"27":{"start":{"line":76,"column":8},"end":{"line":76,"column":27}},"28":{"start":{"line":79,"column":4},"end":{"line":79,"column":54}},"29":{"start":{"line":80,"column":4},"end":{"line":80,"column":70}},"30":{"start":{"line":85,"column":31},"end":{"line":101,"column":1}},"31":{"start":{"line":86,"column":4},"end":{"line":86,"column":50}},"32":{"start":{"line":87,"column":4},"end":{"line":87,"column":25}},"33":{"start":{"line":87,"column":18},"end":{"line":87,"column":25}},"34":{"start":{"line":89,"column":25},"end":{"line":89,"column":50}},"35":{"start":{"line":90,"column":4},"end":{"line":98,"column":6}},"36":{"start":{"line":100,"column":4},"end":{"line":100,"column":26}},"37":{"start":{"line":104,"column":23},"end":{"line":107,"column":1}},"38":{"start":{"line":105,"column":4},"end":{"line":105,"column":26}},"39":{"start":{"line":106,"column":4},"end":{"line":106,"column":19}},"40":{"start":{"line":109,"column":0},"end":{"line":142,"column":2}}},"fnMap":{"0":{"name":"(anonymous_0)","decl":{"start":{"line":11,"column":41},"end":{"line":11,"column":42}},"loc":{"start":{"line":23,"column":6},"end":{"line":143,"column":1}},"line":23},"1":{"name":"(anonymous_1)","decl":{"start":{"line":28,"column":29},"end":{"line":28,"column":30}},"loc":{"start":{"line":28,"column":41},"end":{"line":82,"column":1}},"line":28},"2":{"name":"(anonymous_2)","decl":{"start":{"line":40,"column":18},"end":{"line":40,"column":19}},"loc":{"start":{"line":40,"column":43},"end":{"line":40,"column":64}},"line":40},"3":{"name":"(anonymous_3)","decl":{"start":{"line":85,"column":31},"end":{"line":85,"column":32}},"loc":{"start":{"line":85,"column":93},"end":{"line":101,"column":1}},"line":85},"4":{"name":"(anonymous_4)","decl":{"start":{"line":104,"column":23},"end":{"line":104,"column":24}},"loc":{"start":{"line":104,"column":29},"end":{"line":107,"column":1}},"line":104}},"branchMap":{"0":{"loc":{"start":{"line":29,"column":4},"end":{"line":29,"column":39}},"type":"if","locations":[{"start":{"line":29,"column":4},"end":{"line":29,"column":39}},{"start":{},"end":{}}],"line":29},"1":{"loc":{"start":{"line":35,"column":4},"end":{"line":35,"column":28}},"type":"if","locations":[{"start":{"line":35,"column":4},"end":{"line":35,"column":28}},{"start":{},"end":{}}],"line":35},"2":{"loc":{"start":{"line":59,"column":8},"end":{"line":59,"column":56}},"type":"binary-expr","locations":[{"start":{"line":59,"column":8},"end":{"line":59,"column":30}},{"start":{"line":59,"column":34},"end":{"line":59,"column":56}}],"line":59},"3":{"loc":{"start":{"line":60,"column":8},"end":{"line":60,"column":58}},"type":"binary-expr","locations":[{"start":{"line":60,"column":8},"end":{"line":60,"column":31}},{"start":{"line":60,"column":35},"end":{"line":60,"column":58}}],"line":60},"4":{"loc":{"start":{"line":65,"column":4},"end":{"line":68,"column":5}},"type":"if","locations":[{"start":{"line":65,"column":4},"end":{"line":68,"column":5}},{"start":{},"end":{}}],"line":65},"5":{"loc":{"start":{"line":71,"column":4},"end":{"line":77,"column":5}},"type":"if","locations":[{"start":{"line":71,"column":4},"end":{"line":77,"column":5}},{"start":{},"end":{}}],"line":71},"6":{"loc":{"start":{"line":87,"column":4},"end":{"line":87,"column":25}},"type":"if","locations":[{"start":{"line":87,"column":4},"end":{"line":87,"column":25}},{"start":{},"end":{}}],"line":87}},"s":{"0":0,"1":0,"2":0,"3":0,"4":0,"5":0,"6":0,"7":0,"8":0,"9":0,"10":0,"11":0,"12":0,"13":0,"14":0,"15":0,"16":0,"17":0,"18":0,"19":0,"20":0,"21":0,"22":0,"23":0,"24":0,"25":0,"26":0,"27":0,"28":0,"29":0,"30":0,"31":0,"32":0,"33":0,"34":0,"35":0,"36":0,"37":0,"38":0,"39":0,"40":0},"f":{"0":0,"1":0,"2":0,"3":0,"4":0},"b":{"0":[0,0],"1":[0,0],"2":[0,0],"3":[0,0],"4":[0,0],"5":[0,0],"6":[0,0]}}
,"C:\\Users\\name\\Documents\\GitHub\\SOEN390\\components\\InputComponents\\Buttons.tsx": {"path":"C:\\Users\\name\\Documents\\GitHub\\SOEN390\\components\\InputComponents\\Buttons.tsx","statementMap":{"0":{"start":{"line":9,"column":57},"end":{"line":19,"column":1}},"1":{"start":{"line":14,"column":2},"end":{"line":18,"column":4}},"2":{"start":{"line":21,"column":50},"end":{"line":32,"column":1}},"3":{"start":{"line":27,"column":2},"end":{"line":31,"column":4}}},"fnMap":{"0":{"name":"(anonymous_0)","decl":{"start":{"line":9,"column":57},"end":{"line":9,"column":58}},"loc":{"start":{"line":13,"column":6},"end":{"line":19,"column":1}},"line":13},"1":{"name":"(anonymous_1)","decl":{"start":{"line":21,"column":50},"end":{"line":21,"column":51}},"loc":{"start":{"line":26,"column":6},"end":{"line":32,"column":1}},"line":26}},"branchMap":{},"s":{"0":3,"1":14,"2":3,"3":14},"f":{"0":14,"1":14},"b":{},"_coverageSchema":"1a1c01bbd47fc00a2c39e90264f33305004495a9","hash":"34b816ef365cc85018c074c34635b5f333d61a61"}
,"C:\\Users\\name\\Documents\\GitHub\\SOEN390\\components\\InputComponents\\InputFields.tsx": {"path":"C:\\Users\\name\\Documents\\GitHub\\SOEN390\\components\\InputComponents\\InputFields.tsx","statementMap":{"0":{"start":{"line":7,"column":51},"end":{"line":27,"column":1}},"1":{"start":{"line":8,"column":2},"end":{"line":25,"column":4}},"2":{"start":{"line":30,"column":52},"end":{"line":50,"column":1}},"3":{"start":{"line":31,"column":27},"end":{"line":33,"column":3}},"4":{"start":{"line":32,"column":4},"end":{"line":32,"column":29}},"5":{"start":{"line":35,"column":2},"end":{"line":49,"column":4}}},"fnMap":{"0":{"name":"(anonymous_0)","decl":{"start":{"line":7,"column":51},"end":{"line":7,"column":52}},"loc":{"start":{"line":7,"column":127},"end":{"line":27,"column":1}},"line":7},"1":{"name":"(anonymous_1)","decl":{"start":{"line":30,"column":52},"end":{"line":30,"column":53}},"loc":{"start":{"line":30,"column":141},"end":{"line":50,"column":1}},"line":30},"2":{"name":"(anonymous_2)","decl":{"start":{"line":31,"column":27},"end":{"line":31,"column":28}},"loc":{"start":{"line":31,"column":45},"end":{"line":33,"column":3}},"line":31}},"branchMap":{"0":{"loc":{"start":{"line":19,"column":7},"end":{"line":23,"column":7}},"type":"binary-expr","locations":[{"start":{"line":19,"column":7},"end":{"line":19,"column":28}},{"start":{"line":20,"column":8},"end":{"line":22,"column":27}}],"line":19},"1":{"loc":{"start":{"line":43,"column":7},"end":{"line":47,"column":7}},"type":"binary-expr","locations":[{"start":{"line":43,"column":7},"end":{"line":43,"column":28}},{"start":{"line":44,"column":8},"end":{"line":46,"column":27}}],"line":43}},"s":{"0":2,"1":8,"2":2,"3":3,"4":1,"5":3},"f":{"0":8,"1":3,"2":1},"b":{"0":[8,4],"1":[3,1]},"_coverageSchema":"1a1c01bbd47fc00a2c39e90264f33305004495a9","hash":"068d236aa9a67b7f85e8c4bf06e6b0577f324ca2"}
,"C:\\Users\\name\\Documents\\GitHub\\SOEN390\\components\\MapComponents\\MapMarker.tsx": {"path":"C:\\Users\\name\\Documents\\GitHub\\SOEN390\\components\\MapComponents\\MapMarker.tsx","statementMap":{"0":{"start":{"line":5,"column":44},"end":{"line":7,"column":1}},"1":{"start":{"line":6,"column":2},"end":{"line":6,"column":58}}},"fnMap":{"0":{"name":"(anonymous_0)","decl":{"start":{"line":5,"column":44},"end":{"line":5,"column":45}},"loc":{"start":{"line":5,"column":71},"end":{"line":7,"column":1}},"line":5}},"branchMap":{},"s":{"0":1,"1":4},"f":{"0":4},"b":{},"_coverageSchema":"1a1c01bbd47fc00a2c39e90264f33305004495a9","hash":"ef265da862295807f72c5dd30a3a328b93514b99"}
,"C:\\Users\\name\\Documents\\GitHub\\SOEN390\\components\\MapComponents\\MarkerInfoBox.tsx": {"path":"C:\\Users\\name\\Documents\\GitHub\\SOEN390\\components\\MapComponents\\MarkerInfoBox.tsx","statementMap":{"0":{"start":{"line":6,"column":52},"end":{"line":21,"column":1}},"1":{"start":{"line":7,"column":2},"end":{"line":20,"column":4}}},"fnMap":{"0":{"name":"(anonymous_0)","decl":{"start":{"line":6,"column":52},"end":{"line":6,"column":53}},"loc":{"start":{"line":6,"column":99},"end":{"line":21,"column":1}},"line":6}},"branchMap":{},"s":{"0":1,"1":4},"f":{"0":4},"b":{},"_coverageSchema":"1a1c01bbd47fc00a2c39e90264f33305004495a9","hash":"d40305e2734ff2401e9e640796d7dde994b4f583"}
,"C:\\Users\\name\\Documents\\GitHub\\SOEN390\\components\\MapComponents\\MarkersComponent.tsx": {"path":"C:\\Users\\name\\Documents\\GitHub\\SOEN390\\components\\MapComponents\\MarkersComponent.tsx","statementMap":{"0":{"start":{"line":5,"column":68},"end":{"line":29,"column":1}},"1":{"start":{"line":9,"column":2},"end":{"line":28,"column":4}},"2":{"start":{"line":12,"column":25},"end":{"line":12,"column":70}},"3":{"start":{"line":13,"column":26},"end":{"line":13,"column":72}},"4":{"start":{"line":15,"column":8},"end":{"line":15,"column":75}},"5":{"start":{"line":15,"column":63},"end":{"line":15,"column":75}},"6":{"start":{"line":17,"column":8},"end":{"line":25,"column":10}},"7":{"start":{"line":23,"column":27},"end":{"line":23,"column":50}}},"fnMap":{"0":{"name":"(anonymous_0)","decl":{"start":{"line":5,"column":68},"end":{"line":5,"column":69}},"loc":{"start":{"line":8,"column":6},"end":{"line":29,"column":1}},"line":8},"1":{"name":"(anonymous_1)","decl":{"start":{"line":11,"column":16},"end":{"line":11,"column":17}},"loc":{"start":{"line":11,"column":33},"end":{"line":26,"column":7}},"line":11},"2":{"name":"(anonymous_2)","decl":{"start":{"line":23,"column":21},"end":{"line":23,"column":22}},"loc":{"start":{"line":23,"column":27},"end":{"line":23,"column":50}},"line":23}},"branchMap":{"0":{"loc":{"start":{"line":12,"column":25},"end":{"line":12,"column":70}},"type":"binary-expr","locations":[{"start":{"line":12,"column":25},"end":{"line":12,"column":38}},{"start":{"line":12,"column":42},"end":{"line":12,"column":70}}],"line":12},"1":{"loc":{"start":{"line":13,"column":26},"end":{"line":13,"column":72}},"type":"binary-expr","locations":[{"start":{"line":13,"column":26},"end":{"line":13,"column":40}},{"start":{"line":13,"column":44},"end":{"line":13,"column":72}}],"line":13},"2":{"loc":{"start":{"line":15,"column":8},"end":{"line":15,"column":75}},"type":"if","locations":[{"start":{"line":15,"column":8},"end":{"line":15,"column":75}},{"start":{},"end":{}}],"line":15},"3":{"loc":{"start":{"line":15,"column":12},"end":{"line":15,"column":61}},"type":"binary-expr","locations":[{"start":{"line":15,"column":12},"end":{"line":15,"column":34}},{"start":{"line":15,"column":38},"end":{"line":15,"column":61}}],"line":15},"4":{"loc":{"start":{"line":19,"column":17},"end":{"line":19,"column":66}},"type":"cond-expr","locations":[{"start":{"line":19,"column":27},"end":{"line":19,"column":46}},{"start":{"line":19,"column":49},"end":{"line":19,"column":66}}],"line":19},"5":{"loc":{"start":{"line":21,"column":19},"end":{"line":21,"column":49}},"type":"binary-expr","locations":[{"start":{"line":21,"column":19},"end":{"line":21,"column":36}},{"start":{"line":21,"column":40},"end":{"line":21,"column":49}}],"line":21},"6":{"loc":{"start":{"line":22,"column":22},"end":{"line":22,"column":63}},"type":"cond-expr","locations":[{"start":{"line":22,"column":42},"end":{"line":22,"column":51}},{"start":{"line":22,"column":54},"end":{"line":22,"column":63}}],"line":22}},"s":{"0":1,"1":3,"2":10,"3":10,"4":10,"5":1,"6":9,"7":1},"f":{"0":3,"1":10,"2":1},"b":{"0":[10,4],"1":[10,4],"2":[1,9],"3":[10,9],"4":[9,0],"5":[9,6],"6":[3,6]},"_coverageSchema":"1a1c01bbd47fc00a2c39e90264f33305004495a9","hash":"079e172309fd86a62fb79d8997c188805982f03c"}
,"C:\\Users\\name\\Documents\\GitHub\\SOEN390\\components\\MapComponents\\SwitchBotton.tsx": {"path":"C:\\Users\\name\\Documents\\GitHub\\SOEN390\\components\\MapComponents\\SwitchBotton.tsx","statementMap":{"0":{"start":{"line":7,"column":52},"end":{"line":18,"column":1}},"1":{"start":{"line":8,"column":2},"end":{"line":17,"column":4}},"2":{"start":{"line":20,"column":15},"end":{"line":32,"column":2}}},"fnMap":{"0":{"name":"(anonymous_0)","decl":{"start":{"line":7,"column":52},"end":{"line":7,"column":53}},"loc":{"start":{"line":7,"column":93},"end":{"line":18,"column":1}},"line":7}},"branchMap":{},"s":{"0":1,"1":3,"2":1},"f":{"0":3},"b":{},"_coverageSchema":"1a1c01bbd47fc00a2c39e90264f33305004495a9","hash":"1bb5f85fdb6b99c4f4ab91f0761bdbc9a8d1fb39"}
,"C:\\Users\\name\\Documents\\GitHub\\SOEN390\\hooks\\RequestUserLocation.tsx": {"path":"C:\\Users\\name\\Documents\\GitHub\\SOEN390\\hooks\\RequestUserLocation.tsx","statementMap":{"0":{"start":{"line":4,"column":44},"end":{"line":48,"column":1}},"1":{"start":{"line":5,"column":34},"end":{"line":5,"column":96}},"2":{"start":{"line":7,"column":2},"end":{"line":45,"column":9}},"3":{"start":{"line":8,"column":38},"end":{"line":26,"column":5}},"4":{"start":{"line":9,"column":6},"end":{"line":9,"column":44}},"5":{"start":{"line":9,"column":37},"end":{"line":9,"column":44}},"6":{"start":{"line":11,"column":22},"end":{"line":19,"column":7}},"7":{"start":{"line":21,"column":6},"end":{"line":25,"column":7}},"8":{"start":{"line":22,"column":8},"end":{"line":22,"column":29}},"9":{"start":{"line":24,"column":8},"end":{"line":24,"column":70}},"10":{"start":{"line":28,"column":31},"end":{"line":42,"column":5}},"11":{"start":{"line":29,"column":6},"end":{"line":41,"column":8}},"12":{"start":{"line":31,"column":10},"end":{"line":34,"column":13}},"13":{"start":{"line":37,"column":10},"end":{"line":37,"column":59}},"14":{"start":{"line":38,"column":10},"end":{"line":38,"column":63}},"15":{"start":{"line":44,"column":4},"end":{"line":44,"column":32}},"16":{"start":{"line":47,"column":2},"end":{"line":47,"column":18}}},"fnMap":{"0":{"name":"(anonymous_0)","decl":{"start":{"line":4,"column":44},"end":{"line":4,"column":45}},"loc":{"start":{"line":4,"column":50},"end":{"line":48,"column":1}},"line":4},"1":{"name":"(anonymous_1)","decl":{"start":{"line":7,"column":12},"end":{"line":7,"column":13}},"loc":{"start":{"line":7,"column":18},"end":{"line":45,"column":3}},"line":7},"2":{"name":"(anonymous_2)","decl":{"start":{"line":8,"column":38},"end":{"line":8,"column":39}},"loc":{"start":{"line":8,"column":50},"end":{"line":26,"column":5}},"line":8},"3":{"name":"(anonymous_3)","decl":{"start":{"line":28,"column":31},"end":{"line":28,"column":32}},"loc":{"start":{"line":28,"column":37},"end":{"line":42,"column":5}},"line":28},"4":{"name":"(anonymous_4)","decl":{"start":{"line":30,"column":8},"end":{"line":30,"column":9}},"loc":{"start":{"line":30,"column":22},"end":{"line":35,"column":9}},"line":30},"5":{"name":"(anonymous_5)","decl":{"start":{"line":36,"column":8},"end":{"line":36,"column":9}},"loc":{"start":{"line":36,"column":19},"end":{"line":39,"column":9}},"line":36}},"branchMap":{"0":{"loc":{"start":{"line":9,"column":6},"end":{"line":9,"column":44}},"type":"if","locations":[{"start":{"line":9,"column":6},"end":{"line":9,"column":44}},{"start":{},"end":{}}],"line":9},"1":{"loc":{"start":{"line":21,"column":6},"end":{"line":25,"column":7}},"type":"if","locations":[{"start":{"line":21,"column":6},"end":{"line":25,"column":7}},{"start":{"line":23,"column":13},"end":{"line":25,"column":7}}],"line":21}},"s":{"0":3,"1":3,"2":3,"3":3,"4":3,"5":0,"6":3,"7":3,"8":2,"9":1,"10":3,"11":2,"12":0,"13":1,"14":1,"15":3,"16":3},"f":{"0":3,"1":3,"2":3,"3":2,"4":0,"5":1},"b":{"0":[0,3],"1":[2,1]},"_coverageSchema":"1a1c01bbd47fc00a2c39e90264f33305004495a9","hash":"105b5d46644f9b280f4718f851dfc4bb6ba145b6"}
,"C:\\Users\\name\\Documents\\GitHub\\SOEN390\\navigation\\Navigation.tsx": {"path":"C:\\Users\\name\\Documents\\GitHub\\SOEN390\\navigation\\Navigation.tsx","statementMap":{"0":{"start":{"line":13,"column":12},"end":{"line":13,"column":38}},"1":{"start":{"line":15,"column":4},"end":{"line":44,"column":6}},"2":{"start":{"line":17,"column":39},"end":{"line":37,"column":9}},"3":{"start":{"line":20,"column":59},"end":{"line":20,"column":65}},"4":{"start":{"line":22,"column":12},"end":{"line":30,"column":13}},"5":{"start":{"line":23,"column":16},"end":{"line":23,"column":61}},"6":{"start":{"line":24,"column":19},"end":{"line":30,"column":13}},"7":{"start":{"line":25,"column":16},"end":{"line":25,"column":69}},"8":{"start":{"line":26,"column":19},"end":{"line":30,"column":13}},"9":{"start":{"line":27,"column":16},"end":{"line":27,"column":69}},"10":{"start":{"line":28,"column":19},"end":{"line":30,"column":13}},"11":{"start":{"line":29,"column":16},"end":{"line":29,"column":89}},"12":{"start":{"line":33,"column":12},"end":{"line":33,"column":74}}},"fnMap":{"0":{"name":"Navigation","decl":{"start":{"line":14,"column":24},"end":{"line":14,"column":34}},"loc":{"start":{"line":14,"column":37},"end":{"line":45,"column":1}},"line":14},"1":{"name":"(anonymous_1)","decl":{"start":{"line":17,"column":23},"end":{"line":17,"column":24}},"loc":{"start":{"line":17,"column":39},"end":{"line":37,"column":9}},"line":17},"2":{"name":"(anonymous_2)","decl":{"start":{"line":18,"column":24},"end":{"line":18,"column":25}},"loc":{"start":{"line":18,"column":54},"end":{"line":34,"column":13}},"line":18}},"branchMap":{"0":{"loc":{"start":{"line":22,"column":12},"end":{"line":30,"column":13}},"type":"if","locations":[{"start":{"line":22,"column":12},"end":{"line":30,"column":13}},{"start":{"line":24,"column":19},"end":{"line":30,"column":13}}],"line":22},"1":{"loc":{"start":{"line":23,"column":27},"end":{"line":23,"column":60}},"type":"cond-expr","locations":[{"start":{"line":23,"column":37},"end":{"line":23,"column":43}},{"start":{"line":23,"column":46},"end":{"line":23,"column":60}}],"line":23},"2":{"loc":{"start":{"line":24,"column":19},"end":{"line":30,"column":13}},"type":"if","locations":[{"start":{"line":24,"column":19},"end":{"line":30,"column":13}},{"start":{"line":26,"column":19},"end":{"line":30,"column":13}}],"line":24},"3":{"loc":{"start":{"line":25,"column":27},"end":{"line":25,"column":68}},"type":"cond-expr","locations":[{"start":{"line":25,"column":37},"end":{"line":25,"column":47}},{"start":{"line":25,"column":50},"end":{"line":25,"column":68}}],"line":25},"4":{"loc":{"start":{"line":26,"column":19},"end":{"line":30,"column":13}},"type":"if","locations":[{"start":{"line":26,"column":19},"end":{"line":30,"column":13}},{"start":{"line":28,"column":19},"end":{"line":30,"column":13}}],"line":26},"5":{"loc":{"start":{"line":27,"column":27},"end":{"line":27,"column":68}},"type":"cond-expr","locations":[{"start":{"line":27,"column":37},"end":{"line":27,"column":47}},{"start":{"line":27,"column":50},"end":{"line":27,"column":68}}],"line":27},"6":{"loc":{"start":{"line":28,"column":19},"end":{"line":30,"column":13}},"type":"if","locations":[{"start":{"line":28,"column":19},"end":{"line":30,"column":13}},{"start":{},"end":{}}],"line":28},"7":{"loc":{"start":{"line":29,"column":27},"end":{"line":29,"column":88}},"type":"cond-expr","locations":[{"start":{"line":29,"column":37},"end":{"line":29,"column":57}},{"start":{"line":29,"column":60},"end":{"line":29,"column":88}}],"line":29}},"s":{"0":1,"1":2,"2":16,"3":32,"4":32,"5":8,"6":24,"7":8,"8":16,"9":8,"10":8,"11":8,"12":32},"f":{"0":2,"1":16,"2":32},"b":{"0":[8,24],"1":[4,4],"2":[8,16],"3":[4,4],"4":[8,8],"5":[4,4],"6":[8,0],"7":[4,4]},"_coverageSchema":"1a1c01bbd47fc00a2c39e90264f33305004495a9","hash":"004d5f15c7954bbcafc73fd91827e2e0a70de8ed"}
,"C:\\Users\\name\\Documents\\GitHub\\SOEN390\\screens\\DirectionsScreen.tsx": {"path":"C:\\Users\\name\\Documents\\GitHub\\SOEN390\\screens\\DirectionsScreen.tsx","statementMap":{"0":{"start":{"line":16,"column":22},"end":{"line":16,"column":41}},"1":{"start":{"line":17,"column":21},"end":{"line":17,"column":65}},"2":{"start":{"line":20,"column":17},"end":{"line":20,"column":45}},"3":{"start":{"line":21,"column":30},"end":{"line":21,"column":59}},"4":{"start":{"line":22,"column":40},"end":{"line":22,"column":69}},"5":{"start":{"line":23,"column":46},"end":{"line":23,"column":61}},"6":{"start":{"line":24,"column":34},"end":{"line":24,"column":45}},"7":{"start":{"line":25,"column":34},"end":{"line":25,"column":45}},"8":{"start":{"line":34,"column":16},"end":{"line":34,"column":78}},"9":{"start":{"line":35,"column":28},"end":{"line":35,"column":53}},"10":{"start":{"line":36,"column":48},"end":{"line":36,"column":77}},"11":{"start":{"line":37,"column":44},"end":{"line":37,"column":94}},"12":{"start":{"line":38,"column":32},"end":{"line":38,"column":79}},"13":{"start":{"line":39,"column":32},"end":{"line":39,"column":79}},"14":{"start":{"line":40,"column":48},"end":{"line":40,"column":63}},"15":{"start":{"line":41,"column":42},"end":{"line":41,"column":57}},"16":{"start":{"line":43,"column":2},"end":{"line":51,"column":9}},"17":{"start":{"line":44,"column":31},"end":{"line":49,"column":5}},"18":{"start":{"line":45,"column":26},"end":{"line":45,"column":62}},"19":{"start":{"line":46,"column":31},"end":{"line":46,"column":72}},"20":{"start":{"line":47,"column":6},"end":{"line":47,"column":58}},"21":{"start":{"line":47,"column":23},"end":{"line":47,"column":58}},"22":{"start":{"line":48,"column":6},"end":{"line":48,"column":73}},"23":{"start":{"line":48,"column":28},"end":{"line":48,"column":73}},"24":{"start":{"line":50,"column":4},"end":{"line":50,"column":25}},"25":{"start":{"line":53,"column":2},"end":{"line":72,"column":26}},"26":{"start":{"line":54,"column":6},"end":{"line":71,"column":5}},"27":{"start":{"line":55,"column":8},"end":{"line":55,"column":61}},"28":{"start":{"line":57,"column":39},"end":{"line":69,"column":7}},"29":{"start":{"line":58,"column":33},"end":{"line":61,"column":9}},"30":{"start":{"line":63,"column":8},"end":{"line":63,"column":52}},"31":{"start":{"line":65,"column":8},"end":{"line":65,"column":30}},"32":{"start":{"line":66,"column":8},"end":{"line":66,"column":73}},"33":{"start":{"line":68,"column":8},"end":{"line":68,"column":28}},"34":{"start":{"line":70,"column":4},"end":{"line":70,"column":79}},"35":{"start":{"line":74,"column":2},"end":{"line":81,"column":28}},"36":{"start":{"line":75,"column":4},"end":{"line":80,"column":5}},"37":{"start":{"line":76,"column":6},"end":{"line":79,"column":9}},"38":{"start":{"line":83,"column":17},"end":{"line":93,"column":3}},"39":{"start":{"line":84,"column":4},"end":{"line":92,"column":6}},"40":{"start":{"line":95,"column":31},"end":{"line":109,"column":3}},"41":{"start":{"line":96,"column":29},"end":{"line":99,"column":5}},"42":{"start":{"line":101,"column":4},"end":{"line":101,"column":48}},"43":{"start":{"line":103,"column":4},"end":{"line":103,"column":26}},"44":{"start":{"line":104,"column":4},"end":{"line":104,"column":69}},"45":{"start":{"line":106,"column":22},"end":{"line":106,"column":66}},"46":{"start":{"line":108,"column":4},"end":{"line":108,"column":32}},"47":{"start":{"line":111,"column":21},"end":{"line":123,"column":3}},"48":{"start":{"line":112,"column":6},"end":{"line":112,"column":38}},"49":{"start":{"line":113,"column":6},"end":{"line":113,"column":47}},"50":{"start":{"line":114,"column":6},"end":{"line":114,"column":41}},"51":{"start":{"line":115,"column":4},"end":{"line":122,"column":5}},"52":{"start":{"line":116,"column":8},"end":{"line":121,"column":9}},"53":{"start":{"line":117,"column":31},"end":{"line":117,"column":161}},"54":{"start":{"line":118,"column":12},"end":{"line":118,"column":43}},"55":{"start":{"line":120,"column":12},"end":{"line":120,"column":63}},"56":{"start":{"line":125,"column":26},"end":{"line":165,"column":3}},"57":{"start":{"line":126,"column":4},"end":{"line":126,"column":54}},"58":{"start":{"line":129,"column":39},"end":{"line":129,"column":84}},"59":{"start":{"line":133,"column":31},"end":{"line":133,"column":86}},"60":{"start":{"line":134,"column":31},"end":{"line":134,"column":86}},"61":{"start":{"line":136,"column":4},"end":{"line":136,"column":99}},"62":{"start":{"line":138,"column":4},"end":{"line":164,"column":5}},"63":{"start":{"line":139,"column":8},"end":{"line":161,"column":9}},"64":{"start":{"line":140,"column":12},"end":{"line":156,"column":13}},"65":{"start":{"line":141,"column":16},"end":{"line":141,"column":46}},"66":{"start":{"line":142,"column":16},"end":{"line":142,"column":45}},"67":{"start":{"line":143,"column":16},"end":{"line":143,"column":44}},"68":{"start":{"line":144,"column":16},"end":{"line":144,"column":85}},"69":{"start":{"line":145,"column":16},"end":{"line":145,"column":38}},"70":{"start":{"line":146,"column":16},"end":{"line":146,"column":69}},"71":{"start":{"line":147,"column":16},"end":{"line":147,"column":35}},"72":{"start":{"line":148,"column":19},"end":{"line":156,"column":13}},"73":{"start":{"line":149,"column":16},"end":{"line":149,"column":46}},"74":{"start":{"line":150,"column":16},"end":{"line":150,"column":45}},"75":{"start":{"line":151,"column":16},"end":{"line":151,"column":44}},"76":{"start":{"line":152,"column":16},"end":{"line":152,"column":83}},"77":{"start":{"line":153,"column":16},"end":{"line":153,"column":38}},"78":{"start":{"line":154,"column":16},"end":{"line":154,"column":69}},"79":{"start":{"line":155,"column":16},"end":{"line":155,"column":35}},"80":{"start":{"line":158,"column":12},"end":{"line":158,"column":78}},"81":{"start":{"line":159,"column":12},"end":{"line":159,"column":35}},"82":{"start":{"line":160,"column":12},"end":{"line":160,"column":65}},"83":{"start":{"line":163,"column":8},"end":{"line":163,"column":60}},"84":{"start":{"line":167,"column":2},"end":{"line":169,"column":22}},"85":{"start":{"line":168,"column":4},"end":{"line":168,"column":17}},"86":{"start":{"line":171,"column":21},"end":{"line":173,"column":3}},"87":{"start":{"line":172,"column":6},"end":{"line":172,"column":34}},"88":{"start":{"line":175,"column":21},"end":{"line":177,"column":3}},"89":{"start":{"line":176,"column":6},"end":{"line":176,"column":34}},"90":{"start":{"line":179,"column":21},"end":{"line":181,"column":3}},"91":{"start":{"line":180,"column":7},"end":{"line":180,"column":35}},"92":{"start":{"line":183,"column":2},"end":{"line":189,"column":20}},"93":{"start":{"line":184,"column":6},"end":{"line":188,"column":7}},"94":{"start":{"line":187,"column":10},"end":{"line":187,"column":39}},"95":{"start":{"line":191,"column":2},"end":{"line":196,"column":24}},"96":{"start":{"line":192,"column":4},"end":{"line":195,"column":5}},"97":{"start":{"line":194,"column":8},"end":{"line":194,"column":53}},"98":{"start":{"line":198,"column":2},"end":{"line":251,"column":4}},"99":{"start":{"line":213,"column":14},"end":{"line":213,"column":41}},"100":{"start":{"line":214,"column":14},"end":{"line":214,"column":41}},"101":{"start":{"line":224,"column":38},"end":{"line":224,"column":118}},"102":{"start":{"line":231,"column":38},"end":{"line":231,"column":128}},"103":{"start":{"line":237,"column":64},"end":{"line":237,"column":77}},"104":{"start":{"line":237,"column":78},"end":{"line":237,"column":104}},"105":{"start":{"line":238,"column":64},"end":{"line":238,"column":77}},"106":{"start":{"line":238,"column":78},"end":{"line":238,"column":104}},"107":{"start":{"line":239,"column":64},"end":{"line":239,"column":77}},"108":{"start":{"line":239,"column":78},"end":{"line":239,"column":104}},"109":{"start":{"line":240,"column":64},"end":{"line":240,"column":82}},"110":{"start":{"line":240,"column":83},"end":{"line":240,"column":108}}},"fnMap":{"0":{"name":"DirectionsScreen","decl":{"start":{"line":19,"column":24},"end":{"line":19,"column":40}},"loc":{"start":{"line":19,"column":43},"end":{"line":252,"column":1}},"line":19},"1":{"name":"(anonymous_1)","decl":{"start":{"line":43,"column":12},"end":{"line":43,"column":13}},"loc":{"start":{"line":43,"column":18},"end":{"line":51,"column":3}},"line":43},"2":{"name":"(anonymous_2)","decl":{"start":{"line":44,"column":31},"end":{"line":44,"column":32}},"loc":{"start":{"line":44,"column":43},"end":{"line":49,"column":5}},"line":44},"3":{"name":"(anonymous_3)","decl":{"start":{"line":53,"column":12},"end":{"line":53,"column":13}},"loc":{"start":{"line":53,"column":18},"end":{"line":72,"column":3}},"line":53},"4":{"name":"(anonymous_4)","decl":{"start":{"line":57,"column":39},"end":{"line":57,"column":40}},"loc":{"start":{"line":57,"column":129},"end":{"line":69,"column":7}},"line":57},"5":{"name":"(anonymous_5)","decl":{"start":{"line":74,"column":12},"end":{"line":74,"column":13}},"loc":{"start":{"line":74,"column":18},"end":{"line":81,"column":3}},"line":74},"6":{"name":"(anonymous_6)","decl":{"start":{"line":83,"column":17},"end":{"line":83,"column":18}},"loc":{"start":{"line":83,"column":58},"end":{"line":93,"column":3}},"line":83},"7":{"name":"(anonymous_7)","decl":{"start":{"line":95,"column":31},"end":{"line":95,"column":32}},"loc":{"start":{"line":95,"column":135},"end":{"line":109,"column":3}},"line":95},"8":{"name":"(anonymous_8)","decl":{"start":{"line":111,"column":21},"end":{"line":111,"column":22}},"loc":{"start":{"line":111,"column":33},"end":{"line":123,"column":3}},"line":111},"9":{"name":"(anonymous_9)","decl":{"start":{"line":125,"column":26},"end":{"line":125,"column":27}},"loc":{"start":{"line":125,"column":37},"end":{"line":165,"column":3}},"line":125},"10":{"name":"(anonymous_10)","decl":{"start":{"line":167,"column":13},"end":{"line":167,"column":14}},"loc":{"start":{"line":167,"column":19},"end":{"line":169,"column":3}},"line":167},"11":{"name":"(anonymous_11)","decl":{"start":{"line":171,"column":21},"end":{"line":171,"column":22}},"loc":{"start":{"line":171,"column":27},"end":{"line":173,"column":3}},"line":171},"12":{"name":"(anonymous_12)","decl":{"start":{"line":175,"column":21},"end":{"line":175,"column":22}},"loc":{"start":{"line":175,"column":27},"end":{"line":177,"column":3}},"line":175},"13":{"name":"(anonymous_13)","decl":{"start":{"line":179,"column":21},"end":{"line":179,"column":22}},"loc":{"start":{"line":179,"column":27},"end":{"line":181,"column":3}},"line":179},"14":{"name":"(anonymous_14)","decl":{"start":{"line":183,"column":12},"end":{"line":183,"column":13}},"loc":{"start":{"line":183,"column":18},"end":{"line":189,"column":3}},"line":183},"15":{"name":"(anonymous_15)","decl":{"start":{"line":191,"column":12},"end":{"line":191,"column":13}},"loc":{"start":{"line":191,"column":18},"end":{"line":196,"column":3}},"line":191},"16":{"name":"(anonymous_16)","decl":{"start":{"line":212,"column":21},"end":{"line":212,"column":22}},"loc":{"start":{"line":212,"column":31},"end":{"line":215,"column":13}},"line":212},"17":{"name":"(anonymous_17)","decl":{"start":{"line":224,"column":19},"end":{"line":224,"column":20}},"loc":{"start":{"line":224,"column":38},"end":{"line":224,"column":118}},"line":224},"18":{"name":"(anonymous_18)","decl":{"start":{"line":231,"column":19},"end":{"line":231,"column":20}},"loc":{"start":{"line":231,"column":38},"end":{"line":231,"column":128}},"line":231},"19":{"name":"(anonymous_19)","decl":{"start":{"line":237,"column":57},"end":{"line":237,"column":58}},"loc":{"start":{"line":237,"column":63},"end":{"line":237,"column":105}},"line":237},"20":{"name":"(anonymous_20)","decl":{"start":{"line":238,"column":57},"end":{"line":238,"column":58}},"loc":{"start":{"line":238,"column":63},"end":{"line":238,"column":105}},"line":238},"21":{"name":"(anonymous_21)","decl":{"start":{"line":239,"column":57},"end":{"line":239,"column":58}},"loc":{"start":{"line":239,"column":63},"end":{"line":239,"column":105}},"line":239},"22":{"name":"(anonymous_22)","decl":{"start":{"line":240,"column":57},"end":{"line":240,"column":58}},"loc":{"start":{"line":240,"column":63},"end":{"line":240,"column":109}},"line":240}},"branchMap":{"0":{"loc":{"start":{"line":47,"column":6},"end":{"line":47,"column":58}},"type":"if","locations":[{"start":{"line":47,"column":6},"end":{"line":47,"column":58}},{"start":{},"end":{}}],"line":47},"1":{"loc":{"start":{"line":48,"column":6},"end":{"line":48,"column":73}},"type":"if","locations":[{"start":{"line":48,"column":6},"end":{"line":48,"column":73}},{"start":{},"end":{}}],"line":48},"2":{"loc":{"start":{"line":54,"column":6},"end":{"line":71,"column":5}},"type":"if","locations":[{"start":{"line":54,"column":6},"end":{"line":71,"column":5}},{"start":{},"end":{}}],"line":54},"3":{"loc":{"start":{"line":75,"column":4},"end":{"line":80,"column":5}},"type":"if","locations":[{"start":{"line":75,"column":4},"end":{"line":80,"column":5}},{"start":{},"end":{}}],"line":75},"4":{"loc":{"start":{"line":75,"column":8},"end":{"line":75,"column":29}},"type":"binary-expr","locations":[{"start":{"line":75,"column":8},"end":{"line":75,"column":14}},{"start":{"line":75,"column":18},"end":{"line":75,"column":29}}],"line":75},"5":{"loc":{"start":{"line":106,"column":22},"end":{"line":106,"column":66}},"type":"cond-expr","locations":[{"start":{"line":106,"column":58},"end":{"line":106,"column":59}},{"start":{"line":106,"column":62},"end":{"line":106,"column":66}}],"line":106},"6":{"loc":{"start":{"line":115,"column":4},"end":{"line":122,"column":5}},"type":"if","locations":[{"start":{"line":115,"column":4},"end":{"line":122,"column":5}},{"start":{},"end":{}}],"line":115},"7":{"loc":{"start":{"line":115,"column":8},"end":{"line":115,"column":29}},"type":"binary-expr","locations":[{"start":{"line":115,"column":8},"end":{"line":115,"column":14}},{"start":{"line":115,"column":18},"end":{"line":115,"column":29}}],"line":115},"8":{"loc":{"start":{"line":138,"column":4},"end":{"line":164,"column":5}},"type":"if","locations":[{"start":{"line":138,"column":4},"end":{"line":164,"column":5}},{"start":{"line":162,"column":11},"end":{"line":164,"column":5}}],"line":138},"9":{"loc":{"start":{"line":138,"column":8},"end":{"line":138,"column":64}},"type":"binary-expr","locations":[{"start":{"line":138,"column":8},"end":{"line":138,"column":34}},{"start":{"line":138,"column":38},"end":{"line":138,"column":64}}],"line":138},"10":{"loc":{"start":{"line":139,"column":8},"end":{"line":161,"column":9}},"type":"if","locations":[{"start":{"line":139,"column":8},"end":{"line":161,"column":9}},{"start":{"line":157,"column":15},"end":{"line":161,"column":9}}],"line":139},"11":{"loc":{"start":{"line":139,"column":12},"end":{"line":139,"column":62}},"type":"binary-expr","locations":[{"start":{"line":139,"column":12},"end":{"line":139,"column":35}},{"start":{"line":139,"column":39},"end":{"line":139,"column":62}}],"line":139},"12":{"loc":{"start":{"line":140,"column":12},"end":{"line":156,"column":13}},"type":"if","locations":[{"start":{"line":140,"column":12},"end":{"line":156,"column":13}},{"start":{"line":148,"column":19},"end":{"line":156,"column":13}}],"line":140},"13":{"loc":{"start":{"line":148,"column":19},"end":{"line":156,"column":13}},"type":"if","locations":[{"start":{"line":148,"column":19},"end":{"line":156,"column":13}},{"start":{},"end":{}}],"line":148},"14":{"loc":{"start":{"line":184,"column":6},"end":{"line":188,"column":7}},"type":"if","locations":[{"start":{"line":184,"column":6},"end":{"line":188,"column":7}},{"start":{},"end":{}}],"line":184},"15":{"loc":{"start":{"line":192,"column":4},"end":{"line":195,"column":5}},"type":"if","locations":[{"start":{"line":192,"column":4},"end":{"line":195,"column":5}},{"start":{},"end":{}}],"line":192},"16":{"loc":{"start":{"line":201,"column":9},"end":{"line":201,"column":49}},"type":"binary-expr","locations":[{"start":{"line":201,"column":9},"end":{"line":201,"column":15}},{"start":{"line":201,"column":19},"end":{"line":201,"column":49}}],"line":201},"17":{"loc":{"start":{"line":202,"column":9},"end":{"line":202,"column":59}},"type":"binary-expr","locations":[{"start":{"line":202,"column":9},"end":{"line":202,"column":20}},{"start":{"line":202,"column":24},"end":{"line":202,"column":59}}],"line":202},"18":{"loc":{"start":{"line":203,"column":9},"end":{"line":217,"column":9}},"type":"binary-expr","locations":[{"start":{"line":203,"column":9},"end":{"line":203,"column":24}},{"start":{"line":203,"column":28},"end":{"line":203,"column":34}},{"start":{"line":203,"column":38},"end":{"line":203,"column":49}},{"start":{"line":204,"column":10},"end":{"line":216,"column":12}}],"line":203},"19":{"loc":{"start":{"line":224,"column":38},"end":{"line":224,"column":118}},"type":"binary-expr","locations":[{"start":{"line":224,"column":38},"end":{"line":224,"column":45}},{"start":{"line":224,"column":49},"end":{"line":224,"column":118}}],"line":224},"20":{"loc":{"start":{"line":229,"column":23},"end":{"line":229,"column":66}},"type":"binary-expr","locations":[{"start":{"line":229,"column":23},"end":{"line":229,"column":49}},{"start":{"line":229,"column":53},"end":{"line":229,"column":66}}],"line":229},"21":{"loc":{"start":{"line":231,"column":38},"end":{"line":231,"column":128}},"type":"binary-expr","locations":[{"start":{"line":231,"column":38},"end":{"line":231,"column":45}},{"start":{"line":231,"column":49},"end":{"line":231,"column":128}}],"line":231},"22":{"loc":{"start":{"line":241,"column":9},"end":{"line":248,"column":9}},"type":"binary-expr","locations":[{"start":{"line":241,"column":9},"end":{"line":241,"column":21}},{"start":{"line":241,"column":25},"end":{"line":241,"column":37}},{"start":{"line":242,"column":10},"end":{"line":247,"column":17}}],"line":241},"23":{"loc":{"start":{"line":246,"column":13},"end":{"line":246,"column":76}},"type":"binary-expr","locations":[{"start":{"line":246,"column":13},"end":{"line":246,"column":28}},{"start":{"line":246,"column":32},"end":{"line":246,"column":76}}],"line":246}},"s":{"0":0,"1":0,"2":0,"3":0,"4":0,"5":0,"6":0,"7":0,"8":0,"9":0,"10":0,"11":0,"12":0,"13":0,"14":0,"15":0,"16":0,"17":0,"18":0,"19":0,"20":0,"21":0,"22":0,"23":0,"24":0,"25":0,"26":0,"27":0,"28":0,"29":0,"30":0,"31":0,"32":0,"33":0,"34":0,"35":0,"36":0,"37":0,"38":0,"39":0,"40":0,"41":0,"42":0,"43":0,"44":0,"45":0,"46":0,"47":0,"48":0,"49":0,"50":0,"51":0,"52":0,"53":0,"54":0,"55":0,"56":0,"57":0,"58":0,"59":0,"60":0,"61":0,"62":0,"63":0,"64":0,"65":0,"66":0,"67":0,"68":0,"69":0,"70":0,"71":0,"72":0,"73":0,"74":0,"75":0,"76":0,"77":0,"78":0,"79":0,"80":0,"81":0,"82":0,"83":0,"84":0,"85":0,"86":0,"87":0,"88":0,"89":0,"90":0,"91":0,"92":0,"93":0,"94":0,"95":0,"96":0,"97":0,"98":0,"99":0,"100":0,"101":0,"102":0,"103":0,"104":0,"105":0,"106":0,"107":0,"108":0,"109":0,"110":0},"f":{"0":0,"1":0,"2":0,"3":0,"4":0,"5":0,"6":0,"7":0,"8":0,"9":0,"10":0,"11":0,"12":0,"13":0,"14":0,"15":0,"16":0,"17":0,"18":0,"19":0,"20":0,"21":0,"22":0},"b":{"0":[0,0],"1":[0,0],"2":[0,0],"3":[0,0],"4":[0,0],"5":[0,0],"6":[0,0],"7":[0,0],"8":[0,0],"9":[0,0],"10":[0,0],"11":[0,0],"12":[0,0],"13":[0,0],"14":[0,0],"15":[0,0],"16":[0,0],"17":[0,0],"18":[0,0,0,0],"19":[0,0],"20":[0,0],"21":[0,0],"22":[0,0,0],"23":[0,0]}}
,"C:\\Users\\name\\Documents\\GitHub\\SOEN390\\screens\\MapExplorerScreen.tsx": {"path":"C:\\Users\\name\\Documents\\GitHub\\SOEN390\\screens\\MapExplorerScreen.tsx","statementMap":{"0":{"start":{"line":17,"column":22},"end":{"line":17,"column":41}},"1":{"start":{"line":20,"column":21},"end":{"line":78,"column":1}},"2":{"start":{"line":33,"column":2},"end":{"line":77,"column":4}},"3":{"start":{"line":82,"column":17},"end":{"line":82,"column":45}},"4":{"start":{"line":83,"column":32},"end":{"line":83,"column":51}},"5":{"start":{"line":84,"column":44},"end":{"line":84,"column":72}},"6":{"start":{"line":85,"column":46},"end":{"line":85,"column":65}},"7":{"start":{"line":86,"column":40},"end":{"line":86,"column":55}},"8":{"start":{"line":87,"column":42},"end":{"line":87,"column":71}},"9":{"start":{"line":88,"column":15},"end":{"line":88,"column":30}},"10":{"start":{"line":90,"column":2},"end":{"line":117,"column":9}},"11":{"start":{"line":91,"column":4},"end":{"line":116,"column":9}},"12":{"start":{"line":92,"column":23},"end":{"line":92,"column":73}},"13":{"start":{"line":93,"column":6},"end":{"line":96,"column":7}},"14":{"start":{"line":94,"column":8},"end":{"line":94,"column":64}},"15":{"start":{"line":95,"column":8},"end":{"line":95,"column":15}},"16":{"start":{"line":98,"column":6},"end":{"line":115,"column":7}},"17":{"start":{"line":99,"column":23},"end":{"line":103,"column":10}},"18":{"start":{"line":104,"column":40},"end":{"line":104,"column":55}},"19":{"start":{"line":105,"column":35},"end":{"line":110,"column":9}},"20":{"start":{"line":111,"column":8},"end":{"line":111,"column":36}},"21":{"start":{"line":112,"column":8},"end":{"line":112,"column":58}},"22":{"start":{"line":114,"column":8},"end":{"line":114,"column":56}},"23":{"start":{"line":119,"column":28},"end":{"line":126,"column":3}},"24":{"start":{"line":120,"column":4},"end":{"line":125,"column":5}},"25":{"start":{"line":121,"column":6},"end":{"line":121,"column":27}},"26":{"start":{"line":123,"column":6},"end":{"line":123,"column":32}},"27":{"start":{"line":124,"column":6},"end":{"line":124,"column":28}},"28":{"start":{"line":128,"column":29},"end":{"line":131,"column":3}},"29":{"start":{"line":129,"column":4},"end":{"line":129,"column":26}},"30":{"start":{"line":130,"column":4},"end":{"line":130,"column":28}},"31":{"start":{"line":133,"column":27},"end":{"line":136,"column":3}},"32":{"start":{"line":134,"column":4},"end":{"line":134,"column":52}},"33":{"start":{"line":135,"column":4},"end":{"line":135,"column":65}},"34":{"start":{"line":138,"column":28},"end":{"line":141,"column":3}},"35":{"start":{"line":139,"column":4},"end":{"line":139,"column":33}},"36":{"start":{"line":140,"column":4},"end":{"line":140,"column":54}},"37":{"start":{"line":143,"column":31},"end":{"line":146,"column":3}},"38":{"start":{"line":144,"column":4},"end":{"line":144,"column":33}},"39":{"start":{"line":145,"column":4},"end":{"line":145,"column":54}},"40":{"start":{"line":148,"column":37},"end":{"line":154,"column":3}},"41":{"start":{"line":149,"column":4},"end":{"line":153,"column":5}},"42":{"start":{"line":150,"column":6},"end":{"line":150,"column":58}},"43":{"start":{"line":152,"column":6},"end":{"line":152,"column":83}},"44":{"start":{"line":156,"column":2},"end":{"line":199,"column":4}}},"fnMap":{"0":{"name":"(anonymous_0)","decl":{"start":{"line":20,"column":21},"end":{"line":20,"column":22}},"loc":{"start":{"line":32,"column":6},"end":{"line":78,"column":1}},"line":32},"1":{"name":"MapExplorerScreen","decl":{"start":{"line":81,"column":24},"end":{"line":81,"column":41}},"loc":{"start":{"line":81,"column":44},"end":{"line":200,"column":1}},"line":81},"2":{"name":"(anonymous_2)","decl":{"start":{"line":90,"column":12},"end":{"line":90,"column":13}},"loc":{"start":{"line":90,"column":18},"end":{"line":117,"column":3}},"line":90},"3":{"name":"(anonymous_3)","decl":{"start":{"line":91,"column":5},"end":{"line":91,"column":6}},"loc":{"start":{"line":91,"column":17},"end":{"line":116,"column":5}},"line":91},"4":{"name":"(anonymous_4)","decl":{"start":{"line":119,"column":28},"end":{"line":119,"column":29}},"loc":{"start":{"line":119,"column":45},"end":{"line":126,"column":3}},"line":119},"5":{"name":"(anonymous_5)","decl":{"start":{"line":128,"column":29},"end":{"line":128,"column":30}},"loc":{"start":{"line":128,"column":35},"end":{"line":131,"column":3}},"line":128},"6":{"name":"(anonymous_6)","decl":{"start":{"line":133,"column":27},"end":{"line":133,"column":28}},"loc":{"start":{"line":133,"column":44},"end":{"line":136,"column":3}},"line":133},"7":{"name":"(anonymous_7)","decl":{"start":{"line":138,"column":28},"end":{"line":138,"column":29}},"loc":{"start":{"line":138,"column":34},"end":{"line":141,"column":3}},"line":138},"8":{"name":"(anonymous_8)","decl":{"start":{"line":143,"column":31},"end":{"line":143,"column":32}},"loc":{"start":{"line":143,"column":37},"end":{"line":146,"column":3}},"line":143},"9":{"name":"(anonymous_9)","decl":{"start":{"line":148,"column":37},"end":{"line":148,"column":38}},"loc":{"start":{"line":148,"column":43},"end":{"line":154,"column":3}},"line":148}},"branchMap":{"0":{"loc":{"start":{"line":54,"column":7},"end":{"line":75,"column":7}},"type":"binary-expr","locations":[{"start":{"line":54,"column":7},"end":{"line":54,"column":19}},{"start":{"line":55,"column":8},"end":{"line":74,"column":11}}],"line":54},"1":{"loc":{"start":{"line":93,"column":6},"end":{"line":96,"column":7}},"type":"if","locations":[{"start":{"line":93,"column":6},"end":{"line":96,"column":7}},{"start":{},"end":{}}],"line":93},"2":{"loc":{"start":{"line":120,"column":4},"end":{"line":125,"column":5}},"type":"if","locations":[{"start":{"line":120,"column":4},"end":{"line":125,"column":5}},{"start":{"line":122,"column":11},"end":{"line":125,"column":5}}],"line":120},"3":{"loc":{"start":{"line":149,"column":4},"end":{"line":153,"column":5}},"type":"if","locations":[{"start":{"line":149,"column":4},"end":{"line":153,"column":5}},{"start":{"line":151,"column":11},"end":{"line":153,"column":5}}],"line":149},"4":{"loc":{"start":{"line":162,"column":23},"end":{"line":162,"column":52}},"type":"binary-expr","locations":[{"start":{"line":162,"column":23},"end":{"line":162,"column":35}},{"start":{"line":162,"column":39},"end":{"line":162,"column":52}}],"line":162},"5":{"loc":{"start":{"line":190,"column":7},"end":{"line":197,"column":7}},"type":"binary-expr","locations":[{"start":{"line":190,"column":7},"end":{"line":190,"column":18}},{"start":{"line":190,"column":22},"end":{"line":190,"column":36}},{"start":{"line":191,"column":8},"end":{"line":196,"column":10}}],"line":190},"6":{"loc":{"start":{"line":192,"column":17},"end":{"line":192,"column":67}},"type":"binary-expr","locations":[{"start":{"line":192,"column":17},"end":{"line":192,"column":44}},{"start":{"line":192,"column":48},"end":{"line":192,"column":67}}],"line":192},"7":{"loc":{"start":{"line":193,"column":19},"end":{"line":193,"column":68}},"type":"binary-expr","locations":[{"start":{"line":193,"column":19},"end":{"line":193,"column":41}},{"start":{"line":193,"column":45},"end":{"line":193,"column":68}}],"line":193}},"s":{"0":0,"1":0,"2":0,"3":0,"4":0,"5":0,"6":0,"7":0,"8":0,"9":0,"10":0,"11":0,"12":0,"13":0,"14":0,"15":0,"16":0,"17":0,"18":0,"19":0,"20":0,"21":0,"22":0,"23":0,"24":0,"25":0,"26":0,"27":0,"28":0,"29":0,"30":0,"31":0,"32":0,"33":0,"34":0,"35":0,"36":0,"37":0,"38":0,"39":0,"40":0,"41":0,"42":0,"43":0,"44":0},"f":{"0":0,"1":0,"2":0,"3":0,"4":0,"5":0,"6":0,"7":0,"8":0,"9":0},"b":{"0":[0,0],"1":[0,0],"2":[0,0],"3":[0,0],"4":[0,0],"5":[0,0,0],"6":[0,0],"7":[0,0]}}
,"C:\\Users\\name\\Documents\\GitHub\\SOEN390\\screens\\SettingsScreen.tsx": {"path":"C:\\Users\\name\\Documents\\GitHub\\SOEN390\\screens\\SettingsScreen.tsx","statementMap":{"0":{"start":{"line":13,"column":28},"end":{"line":20,"column":3}},"1":{"start":{"line":14,"column":21},"end":{"line":14,"column":71}},"2":{"start":{"line":15,"column":4},"end":{"line":17,"column":5}},"3":{"start":{"line":16,"column":6},"end":{"line":16,"column":13}},"4":{"start":{"line":19,"column":19},"end":{"line":19,"column":61}},"5":{"start":{"line":22,"column":2},"end":{"line":27,"column":4}},"6":{"start":{"line":30,"column":15},"end":{"line":41,"column":2}}},"fnMap":{"0":{"name":"SettingsScreen","decl":{"start":{"line":12,"column":24},"end":{"line":12,"column":38}},"loc":{"start":{"line":12,"column":41},"end":{"line":28,"column":1}},"line":12},"1":{"name":"(anonymous_1)","decl":{"start":{"line":13,"column":28},"end":{"line":13,"column":29}},"loc":{"start":{"line":13,"column":40},"end":{"line":20,"column":3}},"line":13}},"branchMap":{"0":{"loc":{"start":{"line":15,"column":4},"end":{"line":17,"column":5}},"type":"if","locations":[{"start":{"line":15,"column":4},"end":{"line":17,"column":5}},{"start":{},"end":{}}],"line":15}},"s":{"0":4,"1":2,"2":2,"3":1,"4":1,"5":4,"6":2},"f":{"0":4,"1":2},"b":{"0":[1,1]},"_coverageSchema":"1a1c01bbd47fc00a2c39e90264f33305004495a9","hash":"940bdf79f5b3cd7cfce745925f2a65520e2321ac"}
,"C:\\Users\\name\\Documents\\GitHub\\SOEN390\\screens\\UpdatesScreen.tsx": {"path":"C:\\Users\\name\\Documents\\GitHub\\SOEN390\\screens\\UpdatesScreen.tsx","statementMap":{"0":{"start":{"line":11,"column":2},"end":{"line":16,"column":4}},"1":{"start":{"line":19,"column":15},"end":{"line":22,"column":2}}},"fnMap":{"0":{"name":"UpdatesScreen","decl":{"start":{"line":10,"column":24},"end":{"line":10,"column":37}},"loc":{"start":{"line":10,"column":40},"end":{"line":17,"column":1}},"line":10}},"branchMap":{},"s":{"0":2,"1":2},"f":{"0":2},"b":{},"_coverageSchema":"1a1c01bbd47fc00a2c39e90264f33305004495a9","hash":"632b7e94a06d78ba50d29f8251b422b95851ba5a"}
,"C:\\Users\\name\\Documents\\GitHub\\SOEN390\\screens\\_tests_\\jestSetup.js": {"path":"C:\\Users\\name\\Documents\\GitHub\\SOEN390\\screens\\_tests_\\jestSetup.js","statementMap":{"0":{"start":{"line":1,"column":0},"end":{"line":3,"column":4}},"1":{"start":{"line":1,"column":42},"end":{"line":3,"column":1}}},"fnMap":{"0":{"name":"(anonymous_0)","decl":{"start":{"line":1,"column":35},"end":{"line":1,"column":36}},"loc":{"start":{"line":1,"column":42},"end":{"line":3,"column":1}},"line":1}},"branchMap":{},"s":{"0":0,"1":0},"f":{"0":0},"b":{}}
,"C:\\Users\\name\\Documents\\GitHub\\SOEN390\\services\\DirectionService.ts": {"path":"C:\\Users\\name\\Documents\\GitHub\\SOEN390\\services\\DirectionService.ts","statementMap":{"0":{"start":{"line":8,"column":30},"end":{"line":57,"column":5}},"1":{"start":{"line":16,"column":27},"end":{"line":16,"column":48}},"2":{"start":{"line":17,"column":23},"end":{"line":17,"column":40}},"3":{"start":{"line":19,"column":22},"end":{"line":19,"column":50}},"4":{"start":{"line":20,"column":20},"end":{"line":20,"column":58}},"5":{"start":{"line":22,"column":20},"end":{"line":22,"column":145}},"6":{"start":{"line":24,"column":8},"end":{"line":56,"column":11}},"7":{"start":{"line":25,"column":29},"end":{"line":25,"column":57}},"8":{"start":{"line":26,"column":12},"end":{"line":31,"column":13}},"9":{"start":{"line":27,"column":16},"end":{"line":30,"column":18}},"10":{"start":{"line":33,"column":45},"end":{"line":33,"column":66}},"11":{"start":{"line":35,"column":12},"end":{"line":39,"column":13}},"12":{"start":{"line":36,"column":16},"end":{"line":36,"column":38}},"13":{"start":{"line":38,"column":16},"end":{"line":38,"column":84}},"14":{"start":{"line":41,"column":12},"end":{"line":51,"column":13}},"15":{"start":{"line":42,"column":14},"end":{"line":44,"column":15}},"16":{"start":{"line":43,"column":16},"end":{"line":43,"column":28}},"17":{"start":{"line":46,"column":14},"end":{"line":50,"column":15}},"18":{"start":{"line":47,"column":16},"end":{"line":47,"column":28}},"19":{"start":{"line":49,"column":16},"end":{"line":49,"column":60}},"20":{"start":{"line":53,"column":12},"end":{"line":53,"column":81}},"21":{"start":{"line":55,"column":12},"end":{"line":55,"column":31}}},"fnMap":{"0":{"name":"(anonymous_0)","decl":{"start":{"line":8,"column":30},"end":{"line":8,"column":31}},"loc":{"start":{"line":15,"column":9},"end":{"line":57,"column":5}},"line":15}},"branchMap":{"0":{"loc":{"start":{"line":26,"column":12},"end":{"line":31,"column":13}},"type":"if","locations":[{"start":{"line":26,"column":12},"end":{"line":31,"column":13}},{"start":{},"end":{}}],"line":26},"1":{"loc":{"start":{"line":35,"column":12},"end":{"line":39,"column":13}},"type":"if","locations":[{"start":{"line":35,"column":12},"end":{"line":39,"column":13}},{"start":{"line":37,"column":19},"end":{"line":39,"column":13}}],"line":35},"2":{"loc":{"start":{"line":41,"column":12},"end":{"line":51,"column":13}},"type":"if","locations":[{"start":{"line":41,"column":12},"end":{"line":51,"column":13}},{"start":{},"end":{}}],"line":41},"3":{"loc":{"start":{"line":42,"column":14},"end":{"line":44,"column":15}},"type":"if","locations":[{"start":{"line":42,"column":14},"end":{"line":44,"column":15}},{"start":{},"end":{}}],"line":42},"4":{"loc":{"start":{"line":46,"column":14},"end":{"line":50,"column":15}},"type":"if","locations":[{"start":{"line":46,"column":14},"end":{"line":50,"column":15}},{"start":{"line":48,"column":21},"end":{"line":50,"column":15}}],"line":46}},"s":{"0":2,"1":7,"2":7,"3":7,"4":7,"5":7,"6":7,"7":7,"8":5,"9":1,"10":4,"11":4,"12":2,"13":2,"14":5,"15":5,"16":1,"17":4,"18":1,"19":3,"20":0,"21":7},"f":{"0":7},"b":{"0":[1,4],"1":[2,2],"2":[5,0],"3":[1,4],"4":[1,3]},"_coverageSchema":"1a1c01bbd47fc00a2c39e90264f33305004495a9","hash":"34859c83bdd8f3f9da64193ed2ee87e565cb39be"}
,"C:\\Users\\name\\Documents\\GitHub\\SOEN390\\services\\DurationService.ts": {"path":"C:\\Users\\name\\Documents\\GitHub\\SOEN390\\services\\DurationService.ts","statementMap":{"0":{"start":{"line":4,"column":31},"end":{"line":16,"column":1}},"1":{"start":{"line":6,"column":16},"end":{"line":6,"column":223}},"2":{"start":{"line":8,"column":21},"end":{"line":8,"column":37}},"3":{"start":{"line":9,"column":17},"end":{"line":9,"column":38}},"4":{"start":{"line":11,"column":4},"end":{"line":15,"column":5}},"5":{"start":{"line":12,"column":8},"end":{"line":12,"column":60}},"6":{"start":{"line":14,"column":8},"end":{"line":14,"column":59}}},"fnMap":{"0":{"name":"(anonymous_0)","decl":{"start":{"line":4,"column":31},"end":{"line":4,"column":32}},"loc":{"start":{"line":4,"column":95},"end":{"line":16,"column":1}},"line":4}},"branchMap":{"0":{"loc":{"start":{"line":11,"column":4},"end":{"line":15,"column":5}},"type":"if","locations":[{"start":{"line":11,"column":4},"end":{"line":15,"column":5}},{"start":{"line":13,"column":11},"end":{"line":15,"column":5}}],"line":11},"1":{"loc":{"start":{"line":11,"column":8},"end":{"line":11,"column":70}},"type":"binary-expr","locations":[{"start":{"line":11,"column":8},"end":{"line":11,"column":27}},{"start":{"line":11,"column":31},"end":{"line":11,"column":70}}],"line":11}},"s":{"0":1,"1":3,"2":3,"3":3,"4":3,"5":1,"6":2},"f":{"0":3},"b":{"0":[1,2],"1":[3,2]},"_coverageSchema":"1a1c01bbd47fc00a2c39e90264f33305004495a9","hash":"232e3a988150e0bf53016dd040bc647cbb6c2fc6"}
,"C:\\Users\\name\\Documents\\GitHub\\SOEN390\\services\\PlacesService.ts": {"path":"C:\\Users\\name\\Documents\\GitHub\\SOEN390\\services\\PlacesService.ts","statementMap":{"0":{"start":{"line":5,"column":28},"end":{"line":78,"column":1}},"1":{"start":{"line":12,"column":2},"end":{"line":12,"column":61}},"2":{"start":{"line":12,"column":26},"end":{"line":12,"column":61}},"3":{"start":{"line":15,"column":26},"end":{"line":15,"column":47}},"4":{"start":{"line":18,"column":22},"end":{"line":18,"column":54}},"5":{"start":{"line":20,"column":21},"end":{"line":20,"column":42}},"6":{"start":{"line":21,"column":17},"end":{"line":21,"column":34}},"7":{"start":{"line":23,"column":19},"end":{"line":23,"column":48}},"8":{"start":{"line":24,"column":28},"end":{"line":24,"column":58}},"9":{"start":{"line":25,"column":14},"end":{"line":25,"column":181}},"10":{"start":{"line":27,"column":2},"end":{"line":77,"column":3}},"11":{"start":{"line":28,"column":21},"end":{"line":28,"column":49}},"12":{"start":{"line":30,"column":4},"end":{"line":35,"column":5}},"13":{"start":{"line":31,"column":6},"end":{"line":34,"column":8}},"14":{"start":{"line":37,"column":17},"end":{"line":37,"column":38}},"15":{"start":{"line":39,"column":4},"end":{"line":41,"column":5}},"16":{"start":{"line":40,"column":6},"end":{"line":40,"column":65}},"17":{"start":{"line":43,"column":4},"end":{"line":45,"column":5}},"18":{"start":{"line":44,"column":6},"end":{"line":44,"column":41}},"19":{"start":{"line":47,"column":35},"end":{"line":52,"column":7}},"20":{"start":{"line":47,"column":68},"end":{"line":52,"column":5}},"21":{"start":{"line":54,"column":29},"end":{"line":57,"column":7}},"22":{"start":{"line":54,"column":53},"end":{"line":57,"column":5}},"23":{"start":{"line":59,"column":4},"end":{"line":59,"column":31}},"24":{"start":{"line":61,"column":4},"end":{"line":72,"column":5}},"25":{"start":{"line":62,"column":6},"end":{"line":65,"column":7}},"26":{"start":{"line":63,"column":8},"end":{"line":63,"column":64}},"27":{"start":{"line":64,"column":8},"end":{"line":64,"column":43}},"28":{"start":{"line":67,"column":6},"end":{"line":67,"column":61}},"29":{"start":{"line":69,"column":6},"end":{"line":71,"column":7}},"30":{"start":{"line":70,"column":8},"end":{"line":70,"column":20}},"31":{"start":{"line":74,"column":4},"end":{"line":74,"column":55}},"32":{"start":{"line":76,"column":4},"end":{"line":76,"column":23}}},"fnMap":{"0":{"name":"(anonymous_0)","decl":{"start":{"line":5,"column":28},"end":{"line":5,"column":29}},"loc":{"start":{"line":11,"column":36},"end":{"line":78,"column":1}},"line":11},"1":{"name":"(anonymous_1)","decl":{"start":{"line":47,"column":52},"end":{"line":47,"column":53}},"loc":{"start":{"line":47,"column":68},"end":{"line":52,"column":5}},"line":47},"2":{"name":"(anonymous_2)","decl":{"start":{"line":54,"column":41},"end":{"line":54,"column":42}},"loc":{"start":{"line":54,"column":53},"end":{"line":57,"column":5}},"line":54}},"branchMap":{"0":{"loc":{"start":{"line":10,"column":2},"end":{"line":10,"column":23}},"type":"default-arg","locations":[{"start":{"line":10,"column":19},"end":{"line":10,"column":23}}],"line":10},"1":{"loc":{"start":{"line":12,"column":2},"end":{"line":12,"column":61}},"type":"if","locations":[{"start":{"line":12,"column":2},"end":{"line":12,"column":61}},{"start":{},"end":{}}],"line":12},"2":{"loc":{"start":{"line":30,"column":4},"end":{"line":35,"column":5}},"type":"if","locations":[{"start":{"line":30,"column":4},"end":{"line":35,"column":5}},{"start":{},"end":{}}],"line":30},"3":{"loc":{"start":{"line":39,"column":4},"end":{"line":41,"column":5}},"type":"if","locations":[{"start":{"line":39,"column":4},"end":{"line":41,"column":5}},{"start":{},"end":{}}],"line":39},"4":{"loc":{"start":{"line":39,"column":8},"end":{"line":39,"column":62}},"type":"binary-expr","locations":[{"start":{"line":39,"column":8},"end":{"line":39,"column":13}},{"start":{"line":39,"column":17},"end":{"line":39,"column":30}},{"start":{"line":39,"column":34},"end":{"line":39,"column":62}}],"line":39},"5":{"loc":{"start":{"line":43,"column":4},"end":{"line":45,"column":5}},"type":"if","locations":[{"start":{"line":43,"column":4},"end":{"line":45,"column":5}},{"start":{},"end":{}}],"line":43},"6":{"loc":{"start":{"line":43,"column":8},"end":{"line":43,"column":67}},"type":"binary-expr","locations":[{"start":{"line":43,"column":8},"end":{"line":43,"column":33}},{"start":{"line":43,"column":37},"end":{"line":43,"column":67}}],"line":43},"7":{"loc":{"start":{"line":61,"column":4},"end":{"line":72,"column":5}},"type":"if","locations":[{"start":{"line":61,"column":4},"end":{"line":72,"column":5}},{"start":{},"end":{}}],"line":61},"8":{"loc":{"start":{"line":62,"column":6},"end":{"line":65,"column":7}},"type":"if","locations":[{"start":{"line":62,"column":6},"end":{"line":65,"column":7}},{"start":{},"end":{}}],"line":62},"9":{"loc":{"start":{"line":69,"column":6},"end":{"line":71,"column":7}},"type":"if","locations":[{"start":{"line":69,"column":6},"end":{"line":71,"column":7}},{"start":{},"end":{}}],"line":69}},"s":{"0":2,"1":7,"2":1,"3":6,"4":6,"5":6,"6":6,"7":6,"8":6,"9":6,"10":6,"11":6,"12":4,"13":2,"14":2,"15":2,"16":0,"17":2,"18":0,"19":2,"20":2,"21":2,"22":2,"23":2,"24":4,"25":4,"26":1,"27":1,"28":3,"29":3,"30":2,"31":1,"32":6},"f":{"0":7,"1":2,"2":2},"b":{"0":[7],"1":[1,6],"2":[2,2],"3":[0,2],"4":[2,2,2],"5":[0,2],"6":[2,2],"7":[4,0],"8":[1,3],"9":[2,1]},"_coverageSchema":"1a1c01bbd47fc00a2c39e90264f33305004495a9","hash":"e7a4a3845d066362252d76b9e994be16009e4c37"}
,"C:\\Users\\name\\Documents\\GitHub\\SOEN390\\services\\ShuttleService.ts": {"path":"C:\\Users\\name\\Documents\\GitHub\\SOEN390\\services\\ShuttleService.ts","statementMap":{"0":{"start":{"line":3,"column":31},"end":{"line":27,"column":1}},"1":{"start":{"line":4,"column":4},"end":{"line":6,"column":5}},"2":{"start":{"line":5,"column":8},"end":{"line":5,"column":80}},"3":{"start":{"line":8,"column":16},"end":{"line":8,"column":26}},"4":{"start":{"line":9,"column":24},"end":{"line":9,"column":62}},"5":{"start":{"line":11,"column":28},"end":{"line":11,"column":42}},"6":{"start":{"line":13,"column":4},"end":{"line":24,"column":5}},"7":{"start":{"line":13,"column":17},"end":{"line":13,"column":18}},"8":{"start":{"line":14,"column":26},"end":{"line":14,"column":55}},"9":{"start":{"line":15,"column":22},"end":{"line":15,"column":42}},"10":{"start":{"line":16,"column":24},"end":{"line":16,"column":44}},"11":{"start":{"line":17,"column":21},"end":{"line":17,"column":41}},"12":{"start":{"line":19,"column":8},"end":{"line":23,"column":9}},"13":{"start":{"line":21,"column":33},"end":{"line":21,"column":98}},"14":{"start":{"line":22,"column":12},"end":{"line":22,"column":32}},"15":{"start":{"line":25,"column":25},"end":{"line":25,"column":83}},"16":{"start":{"line":26,"column":4},"end":{"line":26,"column":24}}},"fnMap":{"0":{"name":"(anonymous_0)","decl":{"start":{"line":3,"column":31},"end":{"line":3,"column":32}},"loc":{"start":{"line":3,"column":66},"end":{"line":27,"column":1}},"line":3}},"branchMap":{"0":{"loc":{"start":{"line":4,"column":4},"end":{"line":6,"column":5}},"type":"if","locations":[{"start":{"line":4,"column":4},"end":{"line":6,"column":5}},{"start":{},"end":{}}],"line":4},"1":{"loc":{"start":{"line":19,"column":8},"end":{"line":23,"column":9}},"type":"if","locations":[{"start":{"line":19,"column":8},"end":{"line":23,"column":9}},{"start":{},"end":{}}],"line":19}},"s":{"0":2,"1":6,"2":2,"3":4,"4":4,"5":4,"6":4,"7":4,"8":29,"9":29,"10":29,"11":29,"12":29,"13":2,"14":2,"15":2,"16":2},"f":{"0":6},"b":{"0":[2,4],"1":[2,27]},"_coverageSchema":"1a1c01bbd47fc00a2c39e90264f33305004495a9","hash":"ae2c6c464377be83759d319e92e9a210c5def9ab"}
}
