{"C:\\Users\\mosta\\Documents\\GitHub\\SOEN390\\components\\InputComponents\\AutoCompleteSearchWrapper.tsx": {"path":"C:\\Users\\mosta\\Documents\\GitHub\\SOEN390\\components\\InputComponents\\AutoCompleteSearchWrapper.tsx","statementMap":{"0":{"start":{"line":11,"column":41},"end":{"line":322,"column":1}},"1":{"start":{"line":29,"column":2},"end":{"line":36,"column":22}},"2":{"start":{"line":30,"column":4},"end":{"line":35,"column":5}},"3":{"start":{"line":31,"column":6},"end":{"line":31,"column":55}},"4":{"start":{"line":32,"column":6},"end":{"line":32,"column":114}},"5":{"start":{"line":34,"column":6},"end":{"line":34,"column":94}},"6":{"start":{"line":39,"column":46},"end":{"line":39,"column":58}},"7":{"start":{"line":42,"column":26},"end":{"line":42,"column":43}},"8":{"start":{"line":45,"column":31},"end":{"line":45,"column":66}},"9":{"start":{"line":48,"column":31},"end":{"line":127,"column":3}},"10":{"start":{"line":49,"column":4},"end":{"line":56,"column":5}},"11":{"start":{"line":51,"column":6},"end":{"line":54,"column":16}},"12":{"start":{"line":55,"column":6},"end":{"line":55,"column":13}},"13":{"start":{"line":59,"column":4},"end":{"line":59,"column":41}},"14":{"start":{"line":61,"column":23},"end":{"line":61,"column":63}},"15":{"start":{"line":62,"column":4},"end":{"line":62,"column":28}},"16":{"start":{"line":65,"column":4},"end":{"line":65,"column":28}},"17":{"start":{"line":65,"column":21},"end":{"line":65,"column":28}},"18":{"start":{"line":66,"column":37},"end":{"line":66,"column":47}},"19":{"start":{"line":69,"column":14},"end":{"line":69,"column":21}},"20":{"start":{"line":70,"column":18},"end":{"line":70,"column":64}},"21":{"start":{"line":70,"column":43},"end":{"line":70,"column":64}},"22":{"start":{"line":72,"column":17},"end":{"line":72,"column":63}},"23":{"start":{"line":73,"column":17},"end":{"line":73,"column":65}},"24":{"start":{"line":76,"column":6},"end":{"line":79,"column":31}},"25":{"start":{"line":81,"column":14},"end":{"line":81,"column":60}},"26":{"start":{"line":82,"column":27},"end":{"line":82,"column":48}},"27":{"start":{"line":84,"column":4},"end":{"line":84,"column":80}},"28":{"start":{"line":86,"column":4},"end":{"line":126,"column":5}},"29":{"start":{"line":88,"column":6},"end":{"line":88,"column":45}},"30":{"start":{"line":90,"column":22},"end":{"line":96,"column":7}},"31":{"start":{"line":98,"column":6},"end":{"line":101,"column":7}},"32":{"start":{"line":99,"column":8},"end":{"line":99,"column":99}},"33":{"start":{"line":100,"column":8},"end":{"line":100,"column":15}},"34":{"start":{"line":104,"column":6},"end":{"line":104,"column":33}},"35":{"start":{"line":106,"column":6},"end":{"line":122,"column":7}},"36":{"start":{"line":107,"column":23},"end":{"line":110,"column":11}},"37":{"start":{"line":107,"column":63},"end":{"line":110,"column":9}},"38":{"start":{"line":113,"column":8},"end":{"line":116,"column":11}},"39":{"start":{"line":119,"column":8},"end":{"line":119,"column":27}},"40":{"start":{"line":121,"column":8},"end":{"line":121,"column":63}},"41":{"start":{"line":124,"column":6},"end":{"line":124,"column":56}},"42":{"start":{"line":125,"column":6},"end":{"line":125,"column":72}},"43":{"start":{"line":130,"column":33},"end":{"line":182,"column":3}},"44":{"start":{"line":131,"column":4},"end":{"line":131,"column":50}},"45":{"start":{"line":132,"column":4},"end":{"line":132,"column":25}},"46":{"start":{"line":132,"column":18},"end":{"line":132,"column":25}},"47":{"start":{"line":135,"column":4},"end":{"line":135,"column":49}},"48":{"start":{"line":137,"column":25},"end":{"line":137,"column":50}},"49":{"start":{"line":140,"column":4},"end":{"line":148,"column":6}},"50":{"start":{"line":151,"column":26},"end":{"line":175,"column":5}},"51":{"start":{"line":178,"column":4},"end":{"line":178,"column":37}},"52":{"start":{"line":181,"column":4},"end":{"line":181,"column":23}},"53":{"start":{"line":185,"column":25},"end":{"line":214,"column":3}},"54":{"start":{"line":187,"column":4},"end":{"line":187,"column":26}},"55":{"start":{"line":190,"column":4},"end":{"line":193,"column":14}},"56":{"start":{"line":196,"column":4},"end":{"line":199,"column":5}},"57":{"start":{"line":197,"column":6},"end":{"line":197,"column":49}},"58":{"start":{"line":198,"column":6},"end":{"line":198,"column":42}},"59":{"start":{"line":203,"column":4},"end":{"line":203,"column":29}},"60":{"start":{"line":206,"column":4},"end":{"line":208,"column":5}},"61":{"start":{"line":207,"column":6},"end":{"line":207,"column":38}},"62":{"start":{"line":211,"column":4},"end":{"line":211,"column":23}},"63":{"start":{"line":213,"column":4},"end":{"line":213,"column":55}},"64":{"start":{"line":216,"column":2},"end":{"line":321,"column":4}},"65":{"start":{"line":224,"column":27},"end":{"line":224,"column":83}},"66":{"start":{"line":235,"column":12},"end":{"line":248,"column":13}},"67":{"start":{"line":236,"column":14},"end":{"line":236,"column":38}},"68":{"start":{"line":238,"column":14},"end":{"line":247,"column":15}},"69":{"start":{"line":239,"column":16},"end":{"line":239,"column":51}},"70":{"start":{"line":241,"column":16},"end":{"line":243,"column":17}},"71":{"start":{"line":242,"column":18},"end":{"line":242,"column":61}},"72":{"start":{"line":244,"column":16},"end":{"line":246,"column":24}},"73":{"start":{"line":245,"column":18},"end":{"line":245,"column":45}},"74":{"start":{"line":266,"column":10},"end":{"line":266,"column":65}},"75":{"start":{"line":267,"column":10},"end":{"line":271,"column":12}}},"fnMap":{"0":{"name":"(anonymous_0)","decl":{"start":{"line":11,"column":41},"end":{"line":11,"column":42}},"loc":{"start":{"line":27,"column":6},"end":{"line":322,"column":1}},"line":27},"1":{"name":"(anonymous_1)","decl":{"start":{"line":29,"column":12},"end":{"line":29,"column":13}},"loc":{"start":{"line":29,"column":18},"end":{"line":36,"column":3}},"line":29},"2":{"name":"(anonymous_2)","decl":{"start":{"line":48,"column":31},"end":{"line":48,"column":32}},"loc":{"start":{"line":48,"column":43},"end":{"line":127,"column":3}},"line":48},"3":{"name":"(anonymous_3)","decl":{"start":{"line":70,"column":18},"end":{"line":70,"column":19}},"loc":{"start":{"line":70,"column":43},"end":{"line":70,"column":64}},"line":70},"4":{"name":"(anonymous_4)","decl":{"start":{"line":107,"column":44},"end":{"line":107,"column":45}},"loc":{"start":{"line":107,"column":63},"end":{"line":110,"column":9}},"line":107},"5":{"name":"(anonymous_5)","decl":{"start":{"line":130,"column":33},"end":{"line":130,"column":34}},"loc":{"start":{"line":130,"column":95},"end":{"line":182,"column":3}},"line":130},"6":{"name":"(anonymous_6)","decl":{"start":{"line":185,"column":25},"end":{"line":185,"column":26}},"loc":{"start":{"line":185,"column":31},"end":{"line":214,"column":3}},"line":185},"7":{"name":"(anonymous_7)","decl":{"start":{"line":224,"column":16},"end":{"line":224,"column":17}},"loc":{"start":{"line":224,"column":27},"end":{"line":224,"column":83}},"line":224},"8":{"name":"(anonymous_8)","decl":{"start":{"line":233,"column":24},"end":{"line":233,"column":25}},"loc":{"start":{"line":233,"column":34},"end":{"line":249,"column":11}},"line":233},"9":{"name":"(anonymous_9)","decl":{"start":{"line":244,"column":58},"end":{"line":244,"column":59}},"loc":{"start":{"line":244,"column":64},"end":{"line":246,"column":17}},"line":244},"10":{"name":"(anonymous_10)","decl":{"start":{"line":265,"column":19},"end":{"line":265,"column":20}},"loc":{"start":{"line":265,"column":29},"end":{"line":272,"column":9}},"line":265}},"branchMap":{"0":{"loc":{"start":{"line":30,"column":4},"end":{"line":35,"column":5}},"type":"if","locations":[{"start":{"line":30,"column":4},"end":{"line":35,"column":5}},{"start":{"line":33,"column":11},"end":{"line":35,"column":5}}],"line":30},"1":{"loc":{"start":{"line":49,"column":4},"end":{"line":56,"column":5}},"type":"if","locations":[{"start":{"line":49,"column":4},"end":{"line":56,"column":5}},{"start":{},"end":{}}],"line":49},"2":{"loc":{"start":{"line":65,"column":4},"end":{"line":65,"column":28}},"type":"if","locations":[{"start":{"line":65,"column":4},"end":{"line":65,"column":28}},{"start":{},"end":{}}],"line":65},"3":{"loc":{"start":{"line":92,"column":8},"end":{"line":92,"column":56}},"type":"binary-expr","locations":[{"start":{"line":92,"column":8},"end":{"line":92,"column":30}},{"start":{"line":92,"column":34},"end":{"line":92,"column":56}}],"line":92},"4":{"loc":{"start":{"line":93,"column":8},"end":{"line":93,"column":58}},"type":"binary-expr","locations":[{"start":{"line":93,"column":8},"end":{"line":93,"column":31}},{"start":{"line":93,"column":35},"end":{"line":93,"column":58}}],"line":93},"5":{"loc":{"start":{"line":98,"column":6},"end":{"line":101,"column":7}},"type":"if","locations":[{"start":{"line":98,"column":6},"end":{"line":101,"column":7}},{"start":{},"end":{}}],"line":98},"6":{"loc":{"start":{"line":106,"column":6},"end":{"line":122,"column":7}},"type":"if","locations":[{"start":{"line":106,"column":6},"end":{"line":122,"column":7}},{"start":{},"end":{}}],"line":106},"7":{"loc":{"start":{"line":132,"column":4},"end":{"line":132,"column":25}},"type":"if","locations":[{"start":{"line":132,"column":4},"end":{"line":132,"column":25}},{"start":{},"end":{}}],"line":132},"8":{"loc":{"start":{"line":135,"column":25},"end":{"line":135,"column":47}},"type":"binary-expr","locations":[{"start":{"line":135,"column":25},"end":{"line":135,"column":41}},{"start":{"line":135,"column":45},"end":{"line":135,"column":47}}],"line":135},"9":{"loc":{"start":{"line":162,"column":29},"end":{"line":162,"column":100}},"type":"binary-expr","locations":[{"start":{"line":162,"column":29},"end":{"line":162,"column":54}},{"start":{"line":162,"column":58},"end":{"line":162,"column":74}},{"start":{"line":162,"column":78},"end":{"line":162,"column":100}}],"line":162},"10":{"loc":{"start":{"line":163,"column":17},"end":{"line":163,"column":36}},"type":"binary-expr","locations":[{"start":{"line":163,"column":17},"end":{"line":163,"column":30}},{"start":{"line":163,"column":34},"end":{"line":163,"column":36}}],"line":163},"11":{"loc":{"start":{"line":164,"column":18},"end":{"line":164,"column":46}},"type":"binary-expr","locations":[{"start":{"line":164,"column":18},"end":{"line":164,"column":41}},{"start":{"line":164,"column":45},"end":{"line":164,"column":46}}],"line":164},"12":{"loc":{"start":{"line":165,"column":23},"end":{"line":165,"column":56}},"type":"binary-expr","locations":[{"start":{"line":165,"column":23},"end":{"line":165,"column":51}},{"start":{"line":165,"column":55},"end":{"line":165,"column":56}}],"line":165},"13":{"loc":{"start":{"line":171,"column":19},"end":{"line":171,"column":90}},"type":"binary-expr","locations":[{"start":{"line":171,"column":19},"end":{"line":171,"column":44}},{"start":{"line":171,"column":48},"end":{"line":171,"column":64}},{"start":{"line":171,"column":68},"end":{"line":171,"column":90}}],"line":171},"14":{"loc":{"start":{"line":196,"column":4},"end":{"line":199,"column":5}},"type":"if","locations":[{"start":{"line":196,"column":4},"end":{"line":199,"column":5}},{"start":{},"end":{}}],"line":196},"15":{"loc":{"start":{"line":206,"column":4},"end":{"line":208,"column":5}},"type":"if","locations":[{"start":{"line":206,"column":4},"end":{"line":208,"column":5}},{"start":{},"end":{}}],"line":206},"16":{"loc":{"start":{"line":228,"column":20},"end":{"line":228,"column":87}},"type":"cond-expr","locations":[{"start":{"line":228,"column":31},"end":{"line":228,"column":75}},{"start":{"line":228,"column":78},"end":{"line":228,"column":87}}],"line":228},"17":{"loc":{"start":{"line":235,"column":12},"end":{"line":248,"column":13}},"type":"if","locations":[{"start":{"line":235,"column":12},"end":{"line":248,"column":13}},{"start":{},"end":{}}],"line":235},"18":{"loc":{"start":{"line":238,"column":14},"end":{"line":247,"column":15}},"type":"if","locations":[{"start":{"line":238,"column":14},"end":{"line":247,"column":15}},{"start":{},"end":{}}],"line":238},"19":{"loc":{"start":{"line":241,"column":16},"end":{"line":243,"column":17}},"type":"if","locations":[{"start":{"line":241,"column":16},"end":{"line":243,"column":17}},{"start":{},"end":{}}],"line":241}},"s":{"0":1,"1":10,"2":6,"3":0,"4":0,"5":6,"6":10,"7":10,"8":10,"9":10,"10":4,"11":0,"12":0,"13":4,"14":4,"15":4,"16":4,"17":0,"18":4,"19":4,"20":4,"21":16,"22":4,"23":4,"24":4,"25":4,"26":4,"27":4,"28":4,"29":4,"30":4,"31":3,"32":1,"33":1,"34":2,"35":2,"36":2,"37":2,"38":2,"39":2,"40":2,"41":1,"42":1,"43":10,"44":0,"45":0,"46":0,"47":0,"48":0,"49":0,"50":0,"51":0,"52":0,"53":10,"54":1,"55":1,"56":1,"57":0,"58":0,"59":1,"60":1,"61":1,"62":1,"63":1,"64":10,"65":0,"66":4,"67":4,"68":4,"69":4,"70":4,"71":0,"72":4,"73":1,"74":0,"75":0},"f":{"0":10,"1":6,"2":4,"3":16,"4":2,"5":0,"6":1,"7":0,"8":4,"9":1,"10":0},"b":{"0":[0,6],"1":[0,4],"2":[0,4],"3":[4,4],"4":[4,4],"5":[1,2],"6":[2,0],"7":[0,0],"8":[0,0],"9":[0,0,0],"10":[0,0],"11":[0,0],"12":[0,0],"13":[0,0,0],"14":[0,1],"15":[1,0],"16":[10,0],"17":[4,0],"18":[4,0],"19":[0,4]},"_coverageSchema":"1a1c01bbd47fc00a2c39e90264f33305004495a9","hash":"ff284c9c1959bc66cc7193d5b2348fd73afa6f8c"}
,"C:\\Users\\mosta\\Documents\\GitHub\\SOEN390\\components\\InputComponents\\Buttons.tsx": {"path":"C:\\Users\\mosta\\Documents\\GitHub\\SOEN390\\components\\InputComponents\\Buttons.tsx","statementMap":{"0":{"start":{"line":9,"column":57},"end":{"line":19,"column":1}},"1":{"start":{"line":14,"column":2},"end":{"line":18,"column":4}},"2":{"start":{"line":21,"column":50},"end":{"line":32,"column":1}},"3":{"start":{"line":27,"column":2},"end":{"line":31,"column":4}}},"fnMap":{"0":{"name":"(anonymous_0)","decl":{"start":{"line":9,"column":57},"end":{"line":9,"column":58}},"loc":{"start":{"line":13,"column":6},"end":{"line":19,"column":1}},"line":13},"1":{"name":"(anonymous_1)","decl":{"start":{"line":21,"column":50},"end":{"line":21,"column":51}},"loc":{"start":{"line":26,"column":6},"end":{"line":32,"column":1}},"line":26}},"branchMap":{},"s":{"0":3,"1":14,"2":3,"3":14},"f":{"0":14,"1":14},"b":{},"_coverageSchema":"1a1c01bbd47fc00a2c39e90264f33305004495a9","hash":"22718e9286a739c762b43d4fcf21ab321d3117bd"}
,"C:\\Users\\mosta\\Documents\\GitHub\\SOEN390\\components\\InputComponents\\InputFields.tsx": {"path":"C:\\Users\\mosta\\Documents\\GitHub\\SOEN390\\components\\InputComponents\\InputFields.tsx","statementMap":{"0":{"start":{"line":7,"column":51},"end":{"line":27,"column":1}},"1":{"start":{"line":8,"column":2},"end":{"line":25,"column":4}},"2":{"start":{"line":30,"column":52},"end":{"line":50,"column":1}},"3":{"start":{"line":31,"column":27},"end":{"line":33,"column":3}},"4":{"start":{"line":32,"column":4},"end":{"line":32,"column":29}},"5":{"start":{"line":35,"column":2},"end":{"line":49,"column":4}}},"fnMap":{"0":{"name":"(anonymous_0)","decl":{"start":{"line":7,"column":51},"end":{"line":7,"column":52}},"loc":{"start":{"line":7,"column":127},"end":{"line":27,"column":1}},"line":7},"1":{"name":"(anonymous_1)","decl":{"start":{"line":30,"column":52},"end":{"line":30,"column":53}},"loc":{"start":{"line":30,"column":141},"end":{"line":50,"column":1}},"line":30},"2":{"name":"(anonymous_2)","decl":{"start":{"line":31,"column":27},"end":{"line":31,"column":28}},"loc":{"start":{"line":31,"column":45},"end":{"line":33,"column":3}},"line":31}},"branchMap":{"0":{"loc":{"start":{"line":19,"column":7},"end":{"line":23,"column":7}},"type":"binary-expr","locations":[{"start":{"line":19,"column":7},"end":{"line":19,"column":28}},{"start":{"line":20,"column":8},"end":{"line":22,"column":27}}],"line":19},"1":{"loc":{"start":{"line":43,"column":7},"end":{"line":47,"column":7}},"type":"binary-expr","locations":[{"start":{"line":43,"column":7},"end":{"line":43,"column":28}},{"start":{"line":44,"column":8},"end":{"line":46,"column":27}}],"line":43}},"s":{"0":2,"1":8,"2":2,"3":3,"4":1,"5":3},"f":{"0":8,"1":3,"2":1},"b":{"0":[8,4],"1":[3,1]},"_coverageSchema":"1a1c01bbd47fc00a2c39e90264f33305004495a9","hash":"11ca2d16195a6a3c52ed12a6046818570292aa01"}
,"C:\\Users\\mosta\\Documents\\GitHub\\SOEN390\\components\\MapComponents\\MapMarker.tsx": {"path":"C:\\Users\\mosta\\Documents\\GitHub\\SOEN390\\components\\MapComponents\\MapMarker.tsx","statementMap":{"0":{"start":{"line":5,"column":44},"end":{"line":7,"column":1}},"1":{"start":{"line":6,"column":2},"end":{"line":6,"column":58}}},"fnMap":{"0":{"name":"(anonymous_0)","decl":{"start":{"line":5,"column":44},"end":{"line":5,"column":45}},"loc":{"start":{"line":5,"column":71},"end":{"line":7,"column":1}},"line":5}},"branchMap":{},"s":{"0":1,"1":4},"f":{"0":4},"b":{},"_coverageSchema":"1a1c01bbd47fc00a2c39e90264f33305004495a9","hash":"4358025da42e745d79528665e0fa923db452a33e"}
,"C:\\Users\\mosta\\Documents\\GitHub\\SOEN390\\components\\MapComponents\\MarkerInfoBox.tsx": {"path":"C:\\Users\\mosta\\Documents\\GitHub\\SOEN390\\components\\MapComponents\\MarkerInfoBox.tsx","statementMap":{"0":{"start":{"line":17,"column":59},"end":{"line":136,"column":1}},"1":{"start":{"line":24,"column":30},"end":{"line":24,"column":46}},"2":{"start":{"line":26,"column":47},"end":{"line":26,"column":64}},"3":{"start":{"line":28,"column":4},"end":{"line":135,"column":6}}},"fnMap":{"0":{"name":"(anonymous_0)","decl":{"start":{"line":17,"column":59},"end":{"line":17,"column":60}},"loc":{"start":{"line":23,"column":6},"end":{"line":136,"column":1}},"line":23}},"branchMap":{"0":{"loc":{"start":{"line":24,"column":30},"end":{"line":24,"column":46}},"type":"binary-expr","locations":[{"start":{"line":24,"column":30},"end":{"line":24,"column":40}},{"start":{"line":24,"column":44},"end":{"line":24,"column":46}}],"line":24},"1":{"loc":{"start":{"line":34,"column":29},"end":{"line":34,"column":57}},"type":"binary-expr","locations":[{"start":{"line":34,"column":29},"end":{"line":34,"column":34}},{"start":{"line":34,"column":38},"end":{"line":34,"column":57}}],"line":34},"2":{"loc":{"start":{"line":40,"column":33},"end":{"line":40,"column":92}},"type":"cond-expr","locations":[{"start":{"line":40,"column":56},"end":{"line":40,"column":71}},{"start":{"line":40,"column":74},"end":{"line":40,"column":92}}],"line":40},"3":{"loc":{"start":{"line":45,"column":29},"end":{"line":50,"column":29}},"type":"binary-expr","locations":[{"start":{"line":45,"column":29},"end":{"line":45,"column":59}},{"start":{"line":46,"column":32},"end":{"line":49,"column":39}}],"line":45},"4":{"loc":{"start":{"line":52,"column":29},"end":{"line":57,"column":29}},"type":"binary-expr","locations":[{"start":{"line":52,"column":29},"end":{"line":52,"column":48}},{"start":{"line":53,"column":32},"end":{"line":56,"column":39}}],"line":52},"5":{"loc":{"start":{"line":60,"column":29},"end":{"line":65,"column":29}},"type":"binary-expr","locations":[{"start":{"line":60,"column":29},"end":{"line":60,"column":49}},{"start":{"line":61,"column":32},"end":{"line":64,"column":39}}],"line":60},"6":{"loc":{"start":{"line":67,"column":29},"end":{"line":72,"column":29}},"type":"binary-expr","locations":[{"start":{"line":67,"column":29},"end":{"line":67,"column":51}},{"start":{"line":68,"column":32},"end":{"line":71,"column":39}}],"line":67},"7":{"loc":{"start":{"line":74,"column":29},"end":{"line":79,"column":29}},"type":"binary-expr","locations":[{"start":{"line":74,"column":29},"end":{"line":74,"column":56}},{"start":{"line":75,"column":32},"end":{"line":78,"column":39}}],"line":74},"8":{"loc":{"start":{"line":81,"column":29},"end":{"line":86,"column":29}},"type":"binary-expr","locations":[{"start":{"line":81,"column":29},"end":{"line":81,"column":49}},{"start":{"line":82,"column":32},"end":{"line":85,"column":39}}],"line":81},"9":{"loc":{"start":{"line":88,"column":29},"end":{"line":93,"column":29}},"type":"binary-expr","locations":[{"start":{"line":88,"column":29},"end":{"line":88,"column":47}},{"start":{"line":89,"column":32},"end":{"line":92,"column":39}}],"line":88},"10":{"loc":{"start":{"line":95,"column":29},"end":{"line":108,"column":29}},"type":"binary-expr","locations":[{"start":{"line":95,"column":29},"end":{"line":95,"column":39}},{"start":{"line":96,"column":32},"end":{"line":107,"column":35}}],"line":95}},"s":{"0":1,"1":4,"2":4,"3":4},"f":{"0":4},"b":{"0":[4,3],"1":[4,0],"2":[0,4],"3":[4,0],"4":[4,1],"5":[4,0],"6":[4,0],"7":[4,0],"8":[4,0],"9":[4,0],"10":[4,0]},"_coverageSchema":"1a1c01bbd47fc00a2c39e90264f33305004495a9","hash":"e4fdcfbfcac391d4f8cae5ac7876a5d5e2a18d6d"}
,"C:\\Users\\mosta\\Documents\\GitHub\\SOEN390\\components\\MapComponents\\MarkersComponent.tsx": {"path":"C:\\Users\\mosta\\Documents\\GitHub\\SOEN390\\components\\MapComponents\\MarkersComponent.tsx","statementMap":{"0":{"start":{"line":5,"column":68},"end":{"line":29,"column":1}},"1":{"start":{"line":9,"column":2},"end":{"line":28,"column":4}},"2":{"start":{"line":12,"column":25},"end":{"line":12,"column":70}},"3":{"start":{"line":13,"column":26},"end":{"line":13,"column":72}},"4":{"start":{"line":15,"column":8},"end":{"line":15,"column":75}},"5":{"start":{"line":15,"column":63},"end":{"line":15,"column":75}},"6":{"start":{"line":17,"column":8},"end":{"line":25,"column":10}},"7":{"start":{"line":23,"column":27},"end":{"line":23,"column":50}}},"fnMap":{"0":{"name":"(anonymous_0)","decl":{"start":{"line":5,"column":68},"end":{"line":5,"column":69}},"loc":{"start":{"line":8,"column":6},"end":{"line":29,"column":1}},"line":8},"1":{"name":"(anonymous_1)","decl":{"start":{"line":11,"column":16},"end":{"line":11,"column":17}},"loc":{"start":{"line":11,"column":33},"end":{"line":26,"column":7}},"line":11},"2":{"name":"(anonymous_2)","decl":{"start":{"line":23,"column":21},"end":{"line":23,"column":22}},"loc":{"start":{"line":23,"column":27},"end":{"line":23,"column":50}},"line":23}},"branchMap":{"0":{"loc":{"start":{"line":12,"column":25},"end":{"line":12,"column":70}},"type":"binary-expr","locations":[{"start":{"line":12,"column":25},"end":{"line":12,"column":38}},{"start":{"line":12,"column":42},"end":{"line":12,"column":70}}],"line":12},"1":{"loc":{"start":{"line":13,"column":26},"end":{"line":13,"column":72}},"type":"binary-expr","locations":[{"start":{"line":13,"column":26},"end":{"line":13,"column":40}},{"start":{"line":13,"column":44},"end":{"line":13,"column":72}}],"line":13},"2":{"loc":{"start":{"line":15,"column":8},"end":{"line":15,"column":75}},"type":"if","locations":[{"start":{"line":15,"column":8},"end":{"line":15,"column":75}},{"start":{},"end":{}}],"line":15},"3":{"loc":{"start":{"line":15,"column":12},"end":{"line":15,"column":61}},"type":"binary-expr","locations":[{"start":{"line":15,"column":12},"end":{"line":15,"column":34}},{"start":{"line":15,"column":38},"end":{"line":15,"column":61}}],"line":15},"4":{"loc":{"start":{"line":19,"column":17},"end":{"line":19,"column":66}},"type":"cond-expr","locations":[{"start":{"line":19,"column":27},"end":{"line":19,"column":46}},{"start":{"line":19,"column":49},"end":{"line":19,"column":66}}],"line":19},"5":{"loc":{"start":{"line":21,"column":19},"end":{"line":21,"column":49}},"type":"binary-expr","locations":[{"start":{"line":21,"column":19},"end":{"line":21,"column":36}},{"start":{"line":21,"column":40},"end":{"line":21,"column":49}}],"line":21},"6":{"loc":{"start":{"line":22,"column":22},"end":{"line":22,"column":63}},"type":"cond-expr","locations":[{"start":{"line":22,"column":42},"end":{"line":22,"column":51}},{"start":{"line":22,"column":54},"end":{"line":22,"column":63}}],"line":22}},"s":{"0":1,"1":3,"2":10,"3":10,"4":10,"5":1,"6":9,"7":1},"f":{"0":3,"1":10,"2":1},"b":{"0":[10,4],"1":[10,4],"2":[1,9],"3":[10,9],"4":[9,0],"5":[9,6],"6":[3,6]},"_coverageSchema":"1a1c01bbd47fc00a2c39e90264f33305004495a9","hash":"09aaf7ed9c3e5a5deff6ad4042ca8b1968ef408c"}
,"C:\\Users\\mosta\\Documents\\GitHub\\SOEN390\\components\\MapComponents\\SwitchBotton.tsx": {"path":"C:\\Users\\mosta\\Documents\\GitHub\\SOEN390\\components\\MapComponents\\SwitchBotton.tsx","statementMap":{"0":{"start":{"line":7,"column":52},"end":{"line":18,"column":1}},"1":{"start":{"line":8,"column":2},"end":{"line":17,"column":4}},"2":{"start":{"line":20,"column":15},"end":{"line":32,"column":2}}},"fnMap":{"0":{"name":"(anonymous_0)","decl":{"start":{"line":7,"column":52},"end":{"line":7,"column":53}},"loc":{"start":{"line":7,"column":93},"end":{"line":18,"column":1}},"line":7}},"branchMap":{},"s":{"0":1,"1":3,"2":1},"f":{"0":3},"b":{},"_coverageSchema":"1a1c01bbd47fc00a2c39e90264f33305004495a9","hash":"44ee097bc76c90dee754a9f05b6882cdb9b3d646"}
,"C:\\Users\\mosta\\Documents\\GitHub\\SOEN390\\hooks\\RequestUserLocation.tsx": {"path":"C:\\Users\\mosta\\Documents\\GitHub\\SOEN390\\hooks\\RequestUserLocation.tsx","statementMap":{"0":{"start":{"line":4,"column":44},"end":{"line":48,"column":1}},"1":{"start":{"line":5,"column":34},"end":{"line":5,"column":96}},"2":{"start":{"line":7,"column":2},"end":{"line":45,"column":9}},"3":{"start":{"line":8,"column":38},"end":{"line":26,"column":5}},"4":{"start":{"line":9,"column":6},"end":{"line":9,"column":44}},"5":{"start":{"line":9,"column":37},"end":{"line":9,"column":44}},"6":{"start":{"line":11,"column":22},"end":{"line":19,"column":7}},"7":{"start":{"line":21,"column":6},"end":{"line":25,"column":7}},"8":{"start":{"line":22,"column":8},"end":{"line":22,"column":29}},"9":{"start":{"line":24,"column":8},"end":{"line":24,"column":70}},"10":{"start":{"line":28,"column":31},"end":{"line":42,"column":5}},"11":{"start":{"line":29,"column":6},"end":{"line":41,"column":8}},"12":{"start":{"line":31,"column":10},"end":{"line":34,"column":13}},"13":{"start":{"line":37,"column":10},"end":{"line":37,"column":59}},"14":{"start":{"line":38,"column":10},"end":{"line":38,"column":63}},"15":{"start":{"line":44,"column":4},"end":{"line":44,"column":32}},"16":{"start":{"line":47,"column":2},"end":{"line":47,"column":18}}},"fnMap":{"0":{"name":"(anonymous_0)","decl":{"start":{"line":4,"column":44},"end":{"line":4,"column":45}},"loc":{"start":{"line":4,"column":50},"end":{"line":48,"column":1}},"line":4},"1":{"name":"(anonymous_1)","decl":{"start":{"line":7,"column":12},"end":{"line":7,"column":13}},"loc":{"start":{"line":7,"column":18},"end":{"line":45,"column":3}},"line":7},"2":{"name":"(anonymous_2)","decl":{"start":{"line":8,"column":38},"end":{"line":8,"column":39}},"loc":{"start":{"line":8,"column":50},"end":{"line":26,"column":5}},"line":8},"3":{"name":"(anonymous_3)","decl":{"start":{"line":28,"column":31},"end":{"line":28,"column":32}},"loc":{"start":{"line":28,"column":37},"end":{"line":42,"column":5}},"line":28},"4":{"name":"(anonymous_4)","decl":{"start":{"line":30,"column":8},"end":{"line":30,"column":9}},"loc":{"start":{"line":30,"column":22},"end":{"line":35,"column":9}},"line":30},"5":{"name":"(anonymous_5)","decl":{"start":{"line":36,"column":8},"end":{"line":36,"column":9}},"loc":{"start":{"line":36,"column":19},"end":{"line":39,"column":9}},"line":36}},"branchMap":{"0":{"loc":{"start":{"line":9,"column":6},"end":{"line":9,"column":44}},"type":"if","locations":[{"start":{"line":9,"column":6},"end":{"line":9,"column":44}},{"start":{},"end":{}}],"line":9},"1":{"loc":{"start":{"line":21,"column":6},"end":{"line":25,"column":7}},"type":"if","locations":[{"start":{"line":21,"column":6},"end":{"line":25,"column":7}},{"start":{"line":23,"column":13},"end":{"line":25,"column":7}}],"line":21}},"s":{"0":3,"1":3,"2":3,"3":3,"4":3,"5":0,"6":3,"7":3,"8":2,"9":1,"10":3,"11":2,"12":0,"13":1,"14":1,"15":3,"16":3},"f":{"0":3,"1":3,"2":3,"3":2,"4":0,"5":1},"b":{"0":[0,3],"1":[2,1]},"_coverageSchema":"1a1c01bbd47fc00a2c39e90264f33305004495a9","hash":"6fe3073c7c3fbace7061ce7ee600e29afa571994"}
,"C:\\Users\\mosta\\Documents\\GitHub\\SOEN390\\navigation\\Navigation.tsx": {"path":"C:\\Users\\mosta\\Documents\\GitHub\\SOEN390\\navigation\\Navigation.tsx","statementMap":{"0":{"start":{"line":13,"column":12},"end":{"line":13,"column":38}},"1":{"start":{"line":15,"column":4},"end":{"line":44,"column":6}},"2":{"start":{"line":17,"column":39},"end":{"line":37,"column":9}},"3":{"start":{"line":20,"column":59},"end":{"line":20,"column":65}},"4":{"start":{"line":22,"column":12},"end":{"line":30,"column":13}},"5":{"start":{"line":23,"column":16},"end":{"line":23,"column":61}},"6":{"start":{"line":24,"column":19},"end":{"line":30,"column":13}},"7":{"start":{"line":25,"column":16},"end":{"line":25,"column":69}},"8":{"start":{"line":26,"column":19},"end":{"line":30,"column":13}},"9":{"start":{"line":27,"column":16},"end":{"line":27,"column":69}},"10":{"start":{"line":28,"column":19},"end":{"line":30,"column":13}},"11":{"start":{"line":29,"column":16},"end":{"line":29,"column":89}},"12":{"start":{"line":33,"column":12},"end":{"line":33,"column":74}}},"fnMap":{"0":{"name":"Navigation","decl":{"start":{"line":14,"column":24},"end":{"line":14,"column":34}},"loc":{"start":{"line":14,"column":37},"end":{"line":45,"column":1}},"line":14},"1":{"name":"(anonymous_1)","decl":{"start":{"line":17,"column":23},"end":{"line":17,"column":24}},"loc":{"start":{"line":17,"column":39},"end":{"line":37,"column":9}},"line":17},"2":{"name":"(anonymous_2)","decl":{"start":{"line":18,"column":24},"end":{"line":18,"column":25}},"loc":{"start":{"line":18,"column":54},"end":{"line":34,"column":13}},"line":18}},"branchMap":{"0":{"loc":{"start":{"line":22,"column":12},"end":{"line":30,"column":13}},"type":"if","locations":[{"start":{"line":22,"column":12},"end":{"line":30,"column":13}},{"start":{"line":24,"column":19},"end":{"line":30,"column":13}}],"line":22},"1":{"loc":{"start":{"line":23,"column":27},"end":{"line":23,"column":60}},"type":"cond-expr","locations":[{"start":{"line":23,"column":37},"end":{"line":23,"column":43}},{"start":{"line":23,"column":46},"end":{"line":23,"column":60}}],"line":23},"2":{"loc":{"start":{"line":24,"column":19},"end":{"line":30,"column":13}},"type":"if","locations":[{"start":{"line":24,"column":19},"end":{"line":30,"column":13}},{"start":{"line":26,"column":19},"end":{"line":30,"column":13}}],"line":24},"3":{"loc":{"start":{"line":25,"column":27},"end":{"line":25,"column":68}},"type":"cond-expr","locations":[{"start":{"line":25,"column":37},"end":{"line":25,"column":47}},{"start":{"line":25,"column":50},"end":{"line":25,"column":68}}],"line":25},"4":{"loc":{"start":{"line":26,"column":19},"end":{"line":30,"column":13}},"type":"if","locations":[{"start":{"line":26,"column":19},"end":{"line":30,"column":13}},{"start":{"line":28,"column":19},"end":{"line":30,"column":13}}],"line":26},"5":{"loc":{"start":{"line":27,"column":27},"end":{"line":27,"column":68}},"type":"cond-expr","locations":[{"start":{"line":27,"column":37},"end":{"line":27,"column":47}},{"start":{"line":27,"column":50},"end":{"line":27,"column":68}}],"line":27},"6":{"loc":{"start":{"line":28,"column":19},"end":{"line":30,"column":13}},"type":"if","locations":[{"start":{"line":28,"column":19},"end":{"line":30,"column":13}},{"start":{},"end":{}}],"line":28},"7":{"loc":{"start":{"line":29,"column":27},"end":{"line":29,"column":88}},"type":"cond-expr","locations":[{"start":{"line":29,"column":37},"end":{"line":29,"column":57}},{"start":{"line":29,"column":60},"end":{"line":29,"column":88}}],"line":29}},"s":{"0":1,"1":2,"2":16,"3":32,"4":32,"5":8,"6":24,"7":8,"8":16,"9":8,"10":8,"11":8,"12":32},"f":{"0":2,"1":16,"2":32},"b":{"0":[8,24],"1":[4,4],"2":[8,16],"3":[4,4],"4":[8,8],"5":[4,4],"6":[8,0],"7":[4,4]},"_coverageSchema":"1a1c01bbd47fc00a2c39e90264f33305004495a9","hash":"6f0b1b4b743ec7ffb3055bddaa91ef223d17e01a"}
,"C:\\Users\\mosta\\Documents\\GitHub\\SOEN390\\screens\\DirectionsScreen.tsx": {"path":"C:\\Users\\mosta\\Documents\\GitHub\\SOEN390\\screens\\DirectionsScreen.tsx","statementMap":{"0":{"start":{"line":8,"column":0},"end":{"line":11,"column":4}},"1":{"start":{"line":8,"column":45},"end":{"line":11,"column":1}},"2":{"start":{"line":9,"column":19},"end":{"line":9,"column":109}},"3":{"start":{"line":10,"column":24},"end":{"line":10,"column":47}},"4":{"start":{"line":14,"column":0},"end":{"line":18,"column":3}},"5":{"start":{"line":15,"column":24},"end":{"line":15,"column":52}},"6":{"start":{"line":16,"column":2},"end":{"line":16,"column":41}},"7":{"start":{"line":17,"column":2},"end":{"line":17,"column":48}},"8":{"start":{"line":20,"column":0},"end":{"line":32,"column":3}},"9":{"start":{"line":21,"column":26},"end":{"line":21,"column":54}},"10":{"start":{"line":22,"column":2},"end":{"line":27,"column":5}},"11":{"start":{"line":23,"column":4},"end":{"line":23,"column":44}},"12":{"start":{"line":24,"column":4},"end":{"line":24,"column":44}},"13":{"start":{"line":25,"column":4},"end":{"line":25,"column":44}},"14":{"start":{"line":26,"column":4},"end":{"line":26,"column":44}},"15":{"start":{"line":28,"column":2},"end":{"line":28,"column":46}},"16":{"start":{"line":29,"column":2},"end":{"line":29,"column":46}},"17":{"start":{"line":30,"column":2},"end":{"line":30,"column":46}},"18":{"start":{"line":31,"column":2},"end":{"line":31,"column":46}},"19":{"start":{"line":34,"column":0},"end":{"line":40,"column":3}},"20":{"start":{"line":35,"column":26},"end":{"line":35,"column":54}},"21":{"start":{"line":36,"column":2},"end":{"line":38,"column":5}},"22":{"start":{"line":37,"column":4},"end":{"line":37,"column":42}},"23":{"start":{"line":39,"column":2},"end":{"line":39,"column":44}},"24":{"start":{"line":42,"column":0},"end":{"line":48,"column":3}},"25":{"start":{"line":43,"column":26},"end":{"line":43,"column":54}},"26":{"start":{"line":44,"column":2},"end":{"line":46,"column":5}},"27":{"start":{"line":45,"column":4},"end":{"line":45,"column":44}},"28":{"start":{"line":47,"column":2},"end":{"line":47,"column":46}},"29":{"start":{"line":50,"column":0},"end":{"line":56,"column":3}},"30":{"start":{"line":51,"column":26},"end":{"line":51,"column":54}},"31":{"start":{"line":52,"column":2},"end":{"line":54,"column":5}},"32":{"start":{"line":53,"column":4},"end":{"line":53,"column":44}},"33":{"start":{"line":55,"column":2},"end":{"line":55,"column":46}},"34":{"start":{"line":58,"column":0},"end":{"line":61,"column":3}},"35":{"start":{"line":59,"column":24},"end":{"line":59,"column":52}},"36":{"start":{"line":60,"column":2},"end":{"line":60,"column":62}}},"fnMap":{"0":{"name":"(anonymous_0)","decl":{"start":{"line":8,"column":38},"end":{"line":8,"column":39}},"loc":{"start":{"line":8,"column":45},"end":{"line":11,"column":1}},"line":8},"1":{"name":"(anonymous_1)","decl":{"start":{"line":9,"column":12},"end":{"line":9,"column":13}},"loc":{"start":{"line":9,"column":19},"end":{"line":9,"column":109}},"line":9},"2":{"name":"(anonymous_2)","decl":{"start":{"line":10,"column":17},"end":{"line":10,"column":18}},"loc":{"start":{"line":10,"column":24},"end":{"line":10,"column":47}},"line":10},"3":{"name":"(anonymous_3)","decl":{"start":{"line":14,"column":41},"end":{"line":14,"column":42}},"loc":{"start":{"line":14,"column":47},"end":{"line":18,"column":1}},"line":14},"4":{"name":"(anonymous_4)","decl":{"start":{"line":20,"column":39},"end":{"line":20,"column":40}},"loc":{"start":{"line":20,"column":51},"end":{"line":32,"column":1}},"line":20},"5":{"name":"(anonymous_5)","decl":{"start":{"line":22,"column":12},"end":{"line":22,"column":13}},"loc":{"start":{"line":22,"column":24},"end":{"line":27,"column":3}},"line":22},"6":{"name":"(anonymous_6)","decl":{"start":{"line":34,"column":33},"end":{"line":34,"column":34}},"loc":{"start":{"line":34,"column":45},"end":{"line":40,"column":1}},"line":34},"7":{"name":"(anonymous_7)","decl":{"start":{"line":36,"column":12},"end":{"line":36,"column":13}},"loc":{"start":{"line":36,"column":24},"end":{"line":38,"column":3}},"line":36},"8":{"name":"(anonymous_8)","decl":{"start":{"line":42,"column":34},"end":{"line":42,"column":35}},"loc":{"start":{"line":42,"column":46},"end":{"line":48,"column":1}},"line":42},"9":{"name":"(anonymous_9)","decl":{"start":{"line":44,"column":12},"end":{"line":44,"column":13}},"loc":{"start":{"line":44,"column":24},"end":{"line":46,"column":3}},"line":44},"10":{"name":"(anonymous_10)","decl":{"start":{"line":50,"column":36},"end":{"line":50,"column":37}},"loc":{"start":{"line":50,"column":48},"end":{"line":56,"column":1}},"line":50},"11":{"name":"(anonymous_11)","decl":{"start":{"line":52,"column":12},"end":{"line":52,"column":13}},"loc":{"start":{"line":52,"column":24},"end":{"line":54,"column":3}},"line":52},"12":{"name":"(anonymous_12)","decl":{"start":{"line":58,"column":38},"end":{"line":58,"column":39}},"loc":{"start":{"line":58,"column":44},"end":{"line":61,"column":1}},"line":58}},"branchMap":{},"s":{"0":0,"1":0,"2":0,"3":0,"4":0,"5":0,"6":0,"7":0,"8":0,"9":0,"10":0,"11":0,"12":0,"13":0,"14":0,"15":0,"16":0,"17":0,"18":0,"19":0,"20":0,"21":0,"22":0,"23":0,"24":0,"25":0,"26":0,"27":0,"28":0,"29":0,"30":0,"31":0,"32":0,"33":0,"34":0,"35":0,"36":0},"f":{"0":0,"1":0,"2":0,"3":0,"4":0,"5":0,"6":0,"7":0,"8":0,"9":0,"10":0,"11":0,"12":0},"b":{}}
,"C:\\Users\\mosta\\Documents\\GitHub\\SOEN390\\screens\\MapExplorerScreen.tsx": {"path":"C:\\Users\\mosta\\Documents\\GitHub\\SOEN390\\screens\\MapExplorerScreen.tsx","statementMap":{"0":{"start":{"line":2,"column":0},"end":{"line":6,"column":3}},"1":{"start":{"line":3,"column":24},"end":{"line":3,"column":53}},"2":{"start":{"line":4,"column":2},"end":{"line":4,"column":40}},"3":{"start":{"line":5,"column":2},"end":{"line":5,"column":43}},"4":{"start":{"line":8,"column":0},"end":{"line":14,"column":3}},"5":{"start":{"line":9,"column":24},"end":{"line":9,"column":53}},"6":{"start":{"line":10,"column":2},"end":{"line":12,"column":5}},"7":{"start":{"line":11,"column":4},"end":{"line":11,"column":38}},"8":{"start":{"line":13,"column":2},"end":{"line":13,"column":40}},"9":{"start":{"line":16,"column":0},"end":{"line":22,"column":3}},"10":{"start":{"line":17,"column":24},"end":{"line":17,"column":53}},"11":{"start":{"line":18,"column":2},"end":{"line":20,"column":5}},"12":{"start":{"line":19,"column":4},"end":{"line":19,"column":37}},"13":{"start":{"line":21,"column":2},"end":{"line":21,"column":39}},"14":{"start":{"line":24,"column":0},"end":{"line":30,"column":3}},"15":{"start":{"line":25,"column":46},"end":{"line":25,"column":75}},"16":{"start":{"line":26,"column":2},"end":{"line":28,"column":5}},"17":{"start":{"line":27,"column":4},"end":{"line":27,"column":85}},"18":{"start":{"line":29,"column":2},"end":{"line":29,"column":47}},"19":{"start":{"line":32,"column":0},"end":{"line":38,"column":3}},"20":{"start":{"line":33,"column":26},"end":{"line":33,"column":55}},"21":{"start":{"line":34,"column":2},"end":{"line":36,"column":5}},"22":{"start":{"line":35,"column":4},"end":{"line":35,"column":54}},"23":{"start":{"line":37,"column":2},"end":{"line":37,"column":56}}},"fnMap":{"0":{"name":"(anonymous_0)","decl":{"start":{"line":2,"column":49},"end":{"line":2,"column":50}},"loc":{"start":{"line":2,"column":55},"end":{"line":6,"column":1}},"line":2},"1":{"name":"(anonymous_1)","decl":{"start":{"line":8,"column":29},"end":{"line":8,"column":30}},"loc":{"start":{"line":8,"column":35},"end":{"line":14,"column":1}},"line":8},"2":{"name":"(anonymous_2)","decl":{"start":{"line":10,"column":6},"end":{"line":10,"column":7}},"loc":{"start":{"line":10,"column":12},"end":{"line":12,"column":3}},"line":10},"3":{"name":"(anonymous_3)","decl":{"start":{"line":16,"column":50},"end":{"line":16,"column":51}},"loc":{"start":{"line":16,"column":56},"end":{"line":22,"column":1}},"line":16},"4":{"name":"(anonymous_4)","decl":{"start":{"line":18,"column":6},"end":{"line":18,"column":7}},"loc":{"start":{"line":18,"column":12},"end":{"line":20,"column":3}},"line":18},"5":{"name":"(anonymous_5)","decl":{"start":{"line":24,"column":48},"end":{"line":24,"column":49}},"loc":{"start":{"line":24,"column":60},"end":{"line":30,"column":1}},"line":24},"6":{"name":"(anonymous_6)","decl":{"start":{"line":26,"column":12},"end":{"line":26,"column":13}},"loc":{"start":{"line":26,"column":24},"end":{"line":28,"column":3}},"line":26},"7":{"name":"(anonymous_7)","decl":{"start":{"line":32,"column":42},"end":{"line":32,"column":43}},"loc":{"start":{"line":32,"column":54},"end":{"line":38,"column":1}},"line":32},"8":{"name":"(anonymous_8)","decl":{"start":{"line":34,"column":12},"end":{"line":34,"column":13}},"loc":{"start":{"line":34,"column":24},"end":{"line":36,"column":3}},"line":34}},"branchMap":{},"s":{"0":0,"1":0,"2":0,"3":0,"4":0,"5":0,"6":0,"7":0,"8":0,"9":0,"10":0,"11":0,"12":0,"13":0,"14":0,"15":0,"16":0,"17":0,"18":0,"19":0,"20":0,"21":0,"22":0,"23":0},"f":{"0":0,"1":0,"2":0,"3":0,"4":0,"5":0,"6":0,"7":0,"8":0},"b":{}}
,"C:\\Users\\mosta\\Documents\\GitHub\\SOEN390\\screens\\SettingsScreen.tsx": {"path":"C:\\Users\\mosta\\Documents\\GitHub\\SOEN390\\screens\\SettingsScreen.tsx","statementMap":{"0":{"start":{"line":14,"column":28},"end":{"line":21,"column":3}},"1":{"start":{"line":15,"column":21},"end":{"line":15,"column":71}},"2":{"start":{"line":16,"column":4},"end":{"line":18,"column":5}},"3":{"start":{"line":17,"column":6},"end":{"line":17,"column":13}},"4":{"start":{"line":20,"column":19},"end":{"line":20,"column":61}},"5":{"start":{"line":23,"column":2},"end":{"line":28,"column":4}},"6":{"start":{"line":31,"column":15},"end":{"line":42,"column":2}}},"fnMap":{"0":{"name":"SettingsScreen","decl":{"start":{"line":13,"column":24},"end":{"line":13,"column":38}},"loc":{"start":{"line":13,"column":41},"end":{"line":29,"column":1}},"line":13},"1":{"name":"(anonymous_1)","decl":{"start":{"line":14,"column":28},"end":{"line":14,"column":29}},"loc":{"start":{"line":14,"column":40},"end":{"line":21,"column":3}},"line":14}},"branchMap":{"0":{"loc":{"start":{"line":16,"column":4},"end":{"line":18,"column":5}},"type":"if","locations":[{"start":{"line":16,"column":4},"end":{"line":18,"column":5}},{"start":{},"end":{}}],"line":16}},"s":{"0":4,"1":2,"2":2,"3":1,"4":1,"5":4,"6":2},"f":{"0":4,"1":2},"b":{"0":[1,1]},"_coverageSchema":"1a1c01bbd47fc00a2c39e90264f33305004495a9","hash":"8386cd5a2d0973fccc9085a6bae7c3e1e10104e3"}
,"C:\\Users\\mosta\\Documents\\GitHub\\SOEN390\\screens\\UpdatesScreen.tsx": {"path":"C:\\Users\\mosta\\Documents\\GitHub\\SOEN390\\screens\\UpdatesScreen.tsx","statementMap":{"0":{"start":{"line":11,"column":2},"end":{"line":16,"column":4}},"1":{"start":{"line":19,"column":15},"end":{"line":22,"column":2}}},"fnMap":{"0":{"name":"UpdatesScreen","decl":{"start":{"line":10,"column":24},"end":{"line":10,"column":37}},"loc":{"start":{"line":10,"column":40},"end":{"line":17,"column":1}},"line":10}},"branchMap":{},"s":{"0":2,"1":2},"f":{"0":2},"b":{},"_coverageSchema":"1a1c01bbd47fc00a2c39e90264f33305004495a9","hash":"95b0ddf354bc3846b7faefdd8cd44a9121128786"}
,"C:\\Users\\mosta\\Documents\\GitHub\\SOEN390\\screens\\_tests_\\jestSetup.js": {"path":"C:\\Users\\mosta\\Documents\\GitHub\\SOEN390\\screens\\_tests_\\jestSetup.js","statementMap":{"0":{"start":{"line":1,"column":0},"end":{"line":3,"column":4}},"1":{"start":{"line":1,"column":42},"end":{"line":3,"column":1}}},"fnMap":{"0":{"name":"(anonymous_0)","decl":{"start":{"line":1,"column":35},"end":{"line":1,"column":36}},"loc":{"start":{"line":1,"column":42},"end":{"line":3,"column":1}},"line":1}},"branchMap":{},"s":{"0":0,"1":0},"f":{"0":0},"b":{}}
,"C:\\Users\\mosta\\Documents\\GitHub\\SOEN390\\services\\DirectionService.ts": {"path":"C:\\Users\\mosta\\Documents\\GitHub\\SOEN390\\services\\DirectionService.ts","statementMap":{"0":{"start":{"line":8,"column":30},"end":{"line":57,"column":5}},"1":{"start":{"line":16,"column":27},"end":{"line":16,"column":48}},"2":{"start":{"line":17,"column":23},"end":{"line":17,"column":40}},"3":{"start":{"line":19,"column":22},"end":{"line":19,"column":50}},"4":{"start":{"line":20,"column":20},"end":{"line":20,"column":58}},"5":{"start":{"line":22,"column":20},"end":{"line":22,"column":145}},"6":{"start":{"line":24,"column":8},"end":{"line":56,"column":11}},"7":{"start":{"line":25,"column":29},"end":{"line":25,"column":57}},"8":{"start":{"line":26,"column":12},"end":{"line":31,"column":13}},"9":{"start":{"line":27,"column":16},"end":{"line":30,"column":18}},"10":{"start":{"line":33,"column":45},"end":{"line":33,"column":66}},"11":{"start":{"line":35,"column":12},"end":{"line":39,"column":13}},"12":{"start":{"line":36,"column":16},"end":{"line":36,"column":38}},"13":{"start":{"line":38,"column":16},"end":{"line":38,"column":84}},"14":{"start":{"line":41,"column":12},"end":{"line":51,"column":13}},"15":{"start":{"line":42,"column":14},"end":{"line":44,"column":15}},"16":{"start":{"line":43,"column":16},"end":{"line":43,"column":28}},"17":{"start":{"line":46,"column":14},"end":{"line":50,"column":15}},"18":{"start":{"line":47,"column":16},"end":{"line":47,"column":28}},"19":{"start":{"line":49,"column":16},"end":{"line":49,"column":60}},"20":{"start":{"line":53,"column":12},"end":{"line":53,"column":81}},"21":{"start":{"line":55,"column":12},"end":{"line":55,"column":31}}},"fnMap":{"0":{"name":"(anonymous_0)","decl":{"start":{"line":8,"column":30},"end":{"line":8,"column":31}},"loc":{"start":{"line":15,"column":9},"end":{"line":57,"column":5}},"line":15}},"branchMap":{"0":{"loc":{"start":{"line":26,"column":12},"end":{"line":31,"column":13}},"type":"if","locations":[{"start":{"line":26,"column":12},"end":{"line":31,"column":13}},{"start":{},"end":{}}],"line":26},"1":{"loc":{"start":{"line":35,"column":12},"end":{"line":39,"column":13}},"type":"if","locations":[{"start":{"line":35,"column":12},"end":{"line":39,"column":13}},{"start":{"line":37,"column":19},"end":{"line":39,"column":13}}],"line":35},"2":{"loc":{"start":{"line":41,"column":12},"end":{"line":51,"column":13}},"type":"if","locations":[{"start":{"line":41,"column":12},"end":{"line":51,"column":13}},{"start":{},"end":{}}],"line":41},"3":{"loc":{"start":{"line":42,"column":14},"end":{"line":44,"column":15}},"type":"if","locations":[{"start":{"line":42,"column":14},"end":{"line":44,"column":15}},{"start":{},"end":{}}],"line":42},"4":{"loc":{"start":{"line":46,"column":14},"end":{"line":50,"column":15}},"type":"if","locations":[{"start":{"line":46,"column":14},"end":{"line":50,"column":15}},{"start":{"line":48,"column":21},"end":{"line":50,"column":15}}],"line":46}},"s":{"0":2,"1":7,"2":7,"3":7,"4":7,"5":7,"6":7,"7":7,"8":5,"9":1,"10":4,"11":4,"12":2,"13":2,"14":5,"15":5,"16":1,"17":4,"18":1,"19":3,"20":0,"21":7},"f":{"0":7},"b":{"0":[1,4],"1":[2,2],"2":[5,0],"3":[1,4],"4":[1,3]},"_coverageSchema":"1a1c01bbd47fc00a2c39e90264f33305004495a9","hash":"fb597a8a9c1cb95f985559307d54173ae5541548"}
,"C:\\Users\\mosta\\Documents\\GitHub\\SOEN390\\services\\DurationService.ts": {"path":"C:\\Users\\mosta\\Documents\\GitHub\\SOEN390\\services\\DurationService.ts","statementMap":{"0":{"start":{"line":3,"column":31},"end":{"line":15,"column":1}},"1":{"start":{"line":5,"column":16},"end":{"line":5,"column":210}},"2":{"start":{"line":7,"column":21},"end":{"line":7,"column":37}},"3":{"start":{"line":8,"column":17},"end":{"line":8,"column":38}},"4":{"start":{"line":10,"column":4},"end":{"line":14,"column":5}},"5":{"start":{"line":11,"column":8},"end":{"line":11,"column":60}},"6":{"start":{"line":13,"column":8},"end":{"line":13,"column":59}}},"fnMap":{"0":{"name":"(anonymous_0)","decl":{"start":{"line":3,"column":31},"end":{"line":3,"column":32}},"loc":{"start":{"line":3,"column":111},"end":{"line":15,"column":1}},"line":3}},"branchMap":{"0":{"loc":{"start":{"line":10,"column":4},"end":{"line":14,"column":5}},"type":"if","locations":[{"start":{"line":10,"column":4},"end":{"line":14,"column":5}},{"start":{"line":12,"column":11},"end":{"line":14,"column":5}}],"line":10},"1":{"loc":{"start":{"line":10,"column":8},"end":{"line":10,"column":70}},"type":"binary-expr","locations":[{"start":{"line":10,"column":8},"end":{"line":10,"column":27}},{"start":{"line":10,"column":31},"end":{"line":10,"column":70}}],"line":10}},"s":{"0":1,"1":2,"2":2,"3":2,"4":2,"5":1,"6":1},"f":{"0":2},"b":{"0":[1,1],"1":[2,1]},"_coverageSchema":"1a1c01bbd47fc00a2c39e90264f33305004495a9","hash":"bbeccc5438706ccd27ad27c4d148b4c405f624f8"}
,"C:\\Users\\mosta\\Documents\\GitHub\\SOEN390\\services\\PlacesService.ts": {"path":"C:\\Users\\mosta\\Documents\\GitHub\\SOEN390\\services\\PlacesService.ts","statementMap":{"0":{"start":{"line":5,"column":28},"end":{"line":122,"column":1}},"1":{"start":{"line":12,"column":2},"end":{"line":12,"column":77}},"2":{"start":{"line":12,"column":26},"end":{"line":12,"column":77}},"3":{"start":{"line":15,"column":26},"end":{"line":15,"column":47}},"4":{"start":{"line":18,"column":22},"end":{"line":18,"column":54}},"5":{"start":{"line":20,"column":21},"end":{"line":20,"column":42}},"6":{"start":{"line":21,"column":17},"end":{"line":21,"column":34}},"7":{"start":{"line":23,"column":19},"end":{"line":23,"column":48}},"8":{"start":{"line":24,"column":28},"end":{"line":24,"column":58}},"9":{"start":{"line":27,"column":26},"end":{"line":27,"column":90}},"10":{"start":{"line":28,"column":29},"end":{"line":28,"column":98}},"11":{"start":{"line":28,"column":58},"end":{"line":28,"column":97}},"12":{"start":{"line":32,"column":2},"end":{"line":44,"column":3}},"13":{"start":{"line":34,"column":18},"end":{"line":34,"column":30}},"14":{"start":{"line":35,"column":4},"end":{"line":40,"column":5}},"15":{"start":{"line":36,"column":6},"end":{"line":39,"column":7}},"16":{"start":{"line":37,"column":8},"end":{"line":37,"column":52}},"17":{"start":{"line":38,"column":8},"end":{"line":38,"column":14}},"18":{"start":{"line":41,"column":4},"end":{"line":41,"column":146}},"19":{"start":{"line":43,"column":4},"end":{"line":43,"column":178}},"20":{"start":{"line":46,"column":2},"end":{"line":121,"column":3}},"21":{"start":{"line":47,"column":21},"end":{"line":47,"column":49}},"22":{"start":{"line":49,"column":4},"end":{"line":54,"column":5}},"23":{"start":{"line":50,"column":6},"end":{"line":53,"column":8}},"24":{"start":{"line":56,"column":17},"end":{"line":56,"column":38}},"25":{"start":{"line":58,"column":4},"end":{"line":60,"column":5}},"26":{"start":{"line":59,"column":6},"end":{"line":59,"column":65}},"27":{"start":{"line":62,"column":4},"end":{"line":64,"column":5}},"28":{"start":{"line":63,"column":6},"end":{"line":63,"column":57}},"29":{"start":{"line":66,"column":21},"end":{"line":104,"column":49}},"30":{"start":{"line":70,"column":6},"end":{"line":79,"column":7}},"31":{"start":{"line":71,"column":8},"end":{"line":71,"column":41}},"32":{"start":{"line":72,"column":8},"end":{"line":72,"column":41}},"33":{"start":{"line":73,"column":13},"end":{"line":79,"column":7}},"34":{"start":{"line":74,"column":8},"end":{"line":74,"column":28}},"35":{"start":{"line":75,"column":8},"end":{"line":75,"column":29}},"36":{"start":{"line":77,"column":8},"end":{"line":77,"column":70}},"37":{"start":{"line":78,"column":8},"end":{"line":78,"column":20}},"38":{"start":{"line":81,"column":6},"end":{"line":103,"column":8}},"39":{"start":{"line":104,"column":32},"end":{"line":104,"column":48}},"40":{"start":{"line":106,"column":4},"end":{"line":106,"column":51}},"41":{"start":{"line":108,"column":4},"end":{"line":116,"column":5}},"42":{"start":{"line":109,"column":6},"end":{"line":111,"column":7}},"43":{"start":{"line":110,"column":8},"end":{"line":110,"column":59}},"44":{"start":{"line":113,"column":6},"end":{"line":115,"column":7}},"45":{"start":{"line":114,"column":8},"end":{"line":114,"column":20}},"46":{"start":{"line":118,"column":4},"end":{"line":118,"column":55}},"47":{"start":{"line":120,"column":4},"end":{"line":120,"column":23}}},"fnMap":{"0":{"name":"(anonymous_0)","decl":{"start":{"line":5,"column":28},"end":{"line":5,"column":29}},"loc":{"start":{"line":11,"column":19},"end":{"line":122,"column":1}},"line":11},"1":{"name":"(anonymous_1)","decl":{"start":{"line":28,"column":50},"end":{"line":28,"column":51}},"loc":{"start":{"line":28,"column":58},"end":{"line":28,"column":97}},"line":28},"2":{"name":"(anonymous_2)","decl":{"start":{"line":66,"column":38},"end":{"line":66,"column":39}},"loc":{"start":{"line":66,"column":53},"end":{"line":104,"column":5}},"line":66},"3":{"name":"(anonymous_3)","decl":{"start":{"line":104,"column":14},"end":{"line":104,"column":15}},"loc":{"start":{"line":104,"column":32},"end":{"line":104,"column":48}},"line":104}},"branchMap":{"0":{"loc":{"start":{"line":10,"column":2},"end":{"line":10,"column":23}},"type":"default-arg","locations":[{"start":{"line":10,"column":19},"end":{"line":10,"column":23}}],"line":10},"1":{"loc":{"start":{"line":12,"column":2},"end":{"line":12,"column":77}},"type":"if","locations":[{"start":{"line":12,"column":2},"end":{"line":12,"column":77}},{"start":{},"end":{}}],"line":12},"2":{"loc":{"start":{"line":32,"column":2},"end":{"line":44,"column":3}},"type":"if","locations":[{"start":{"line":32,"column":2},"end":{"line":44,"column":3}},{"start":{"line":42,"column":9},"end":{"line":44,"column":3}}],"line":32},"3":{"loc":{"start":{"line":36,"column":6},"end":{"line":39,"column":7}},"type":"if","locations":[{"start":{"line":36,"column":6},"end":{"line":39,"column":7}},{"start":{},"end":{}}],"line":36},"4":{"loc":{"start":{"line":37,"column":18},"end":{"line":37,"column":51}},"type":"cond-expr","locations":[{"start":{"line":37,"column":38},"end":{"line":37,"column":44}},{"start":{"line":37,"column":47},"end":{"line":37,"column":51}}],"line":37},"5":{"loc":{"start":{"line":49,"column":4},"end":{"line":54,"column":5}},"type":"if","locations":[{"start":{"line":49,"column":4},"end":{"line":54,"column":5}},{"start":{},"end":{}}],"line":49},"6":{"loc":{"start":{"line":58,"column":4},"end":{"line":60,"column":5}},"type":"if","locations":[{"start":{"line":58,"column":4},"end":{"line":60,"column":5}},{"start":{},"end":{}}],"line":58},"7":{"loc":{"start":{"line":58,"column":8},"end":{"line":58,"column":62}},"type":"binary-expr","locations":[{"start":{"line":58,"column":8},"end":{"line":58,"column":13}},{"start":{"line":58,"column":17},"end":{"line":58,"column":30}},{"start":{"line":58,"column":34},"end":{"line":58,"column":62}}],"line":58},"8":{"loc":{"start":{"line":62,"column":4},"end":{"line":64,"column":5}},"type":"if","locations":[{"start":{"line":62,"column":4},"end":{"line":64,"column":5}},{"start":{},"end":{}}],"line":62},"9":{"loc":{"start":{"line":62,"column":8},"end":{"line":62,"column":67}},"type":"binary-expr","locations":[{"start":{"line":62,"column":8},"end":{"line":62,"column":33}},{"start":{"line":62,"column":37},"end":{"line":62,"column":67}}],"line":62},"10":{"loc":{"start":{"line":70,"column":6},"end":{"line":79,"column":7}},"type":"if","locations":[{"start":{"line":70,"column":6},"end":{"line":79,"column":7}},{"start":{"line":73,"column":13},"end":{"line":79,"column":7}}],"line":70},"11":{"loc":{"start":{"line":70,"column":10},"end":{"line":70,"column":49}},"type":"binary-expr","locations":[{"start":{"line":70,"column":10},"end":{"line":70,"column":23}},{"start":{"line":70,"column":27},"end":{"line":70,"column":49}}],"line":70},"12":{"loc":{"start":{"line":73,"column":13},"end":{"line":79,"column":7}},"type":"if","locations":[{"start":{"line":73,"column":13},"end":{"line":79,"column":7}},{"start":{"line":76,"column":13},"end":{"line":79,"column":7}}],"line":73},"13":{"loc":{"start":{"line":73,"column":17},"end":{"line":73,"column":48}},"type":"binary-expr","locations":[{"start":{"line":73,"column":17},"end":{"line":73,"column":30}},{"start":{"line":73,"column":34},"end":{"line":73,"column":48}}],"line":73},"14":{"loc":{"start":{"line":89,"column":29},"end":{"line":89,"column":94}},"type":"binary-expr","locations":[{"start":{"line":89,"column":29},"end":{"line":89,"column":51}},{"start":{"line":89,"column":55},"end":{"line":89,"column":68}},{"start":{"line":89,"column":72},"end":{"line":89,"column":94}}],"line":89},"15":{"loc":{"start":{"line":91,"column":17},"end":{"line":91,"column":33}},"type":"binary-expr","locations":[{"start":{"line":91,"column":17},"end":{"line":91,"column":27}},{"start":{"line":91,"column":31},"end":{"line":91,"column":33}}],"line":91},"16":{"loc":{"start":{"line":92,"column":18},"end":{"line":92,"column":34}},"type":"binary-expr","locations":[{"start":{"line":92,"column":18},"end":{"line":92,"column":29}},{"start":{"line":92,"column":33},"end":{"line":92,"column":34}}],"line":92},"17":{"loc":{"start":{"line":93,"column":23},"end":{"line":93,"column":44}},"type":"binary-expr","locations":[{"start":{"line":93,"column":23},"end":{"line":93,"column":39}},{"start":{"line":93,"column":43},"end":{"line":93,"column":44}}],"line":93},"18":{"loc":{"start":{"line":100,"column":19},"end":{"line":100,"column":84}},"type":"binary-expr","locations":[{"start":{"line":100,"column":19},"end":{"line":100,"column":41}},{"start":{"line":100,"column":45},"end":{"line":100,"column":58}},{"start":{"line":100,"column":62},"end":{"line":100,"column":84}}],"line":100},"19":{"loc":{"start":{"line":108,"column":4},"end":{"line":116,"column":5}},"type":"if","locations":[{"start":{"line":108,"column":4},"end":{"line":116,"column":5}},{"start":{},"end":{}}],"line":108},"20":{"loc":{"start":{"line":109,"column":6},"end":{"line":111,"column":7}},"type":"if","locations":[{"start":{"line":109,"column":6},"end":{"line":111,"column":7}},{"start":{},"end":{}}],"line":109},"21":{"loc":{"start":{"line":113,"column":6},"end":{"line":115,"column":7}},"type":"if","locations":[{"start":{"line":113,"column":6},"end":{"line":115,"column":7}},{"start":{},"end":{}}],"line":113}},"s":{"0":2,"1":7,"2":1,"3":6,"4":6,"5":6,"6":6,"7":6,"8":6,"9":6,"10":6,"11":24,"12":6,"13":3,"14":3,"15":3,"16":3,"17":3,"18":3,"19":3,"20":6,"21":6,"22":4,"23":2,"24":2,"25":2,"26":0,"27":2,"28":0,"29":2,"30":2,"31":2,"32":2,"33":0,"34":0,"35":0,"36":0,"37":0,"38":2,"39":2,"40":2,"41":4,"42":4,"43":1,"44":3,"45":2,"46":1,"47":6},"f":{"0":7,"1":24,"2":2,"3":2},"b":{"0":[7],"1":[1,6],"2":[3,3],"3":[3,0],"4":[3,0],"5":[2,2],"6":[0,2],"7":[2,2,2],"8":[0,2],"9":[2,2],"10":[2,0],"11":[2,2],"12":[0,0],"13":[0,0],"14":[2,1,1],"15":[2,2],"16":[2,2],"17":[2,2],"18":[2,1,1],"19":[4,0],"20":[1,3],"21":[2,1]},"_coverageSchema":"1a1c01bbd47fc00a2c39e90264f33305004495a9","hash":"ddaf239b6e2598190f83f117b084ddc8352c7080"}
,"C:\\Users\\mosta\\Documents\\GitHub\\SOEN390\\services\\ShuttleService.ts": {"path":"C:\\Users\\mosta\\Documents\\GitHub\\SOEN390\\services\\ShuttleService.ts","statementMap":{"0":{"start":{"line":3,"column":31},"end":{"line":27,"column":1}},"1":{"start":{"line":4,"column":4},"end":{"line":6,"column":5}},"2":{"start":{"line":5,"column":8},"end":{"line":5,"column":80}},"3":{"start":{"line":8,"column":16},"end":{"line":8,"column":26}},"4":{"start":{"line":9,"column":24},"end":{"line":9,"column":62}},"5":{"start":{"line":11,"column":28},"end":{"line":11,"column":42}},"6":{"start":{"line":13,"column":4},"end":{"line":24,"column":5}},"7":{"start":{"line":13,"column":17},"end":{"line":13,"column":18}},"8":{"start":{"line":14,"column":26},"end":{"line":14,"column":55}},"9":{"start":{"line":15,"column":22},"end":{"line":15,"column":42}},"10":{"start":{"line":16,"column":24},"end":{"line":16,"column":44}},"11":{"start":{"line":17,"column":21},"end":{"line":17,"column":41}},"12":{"start":{"line":19,"column":8},"end":{"line":23,"column":9}},"13":{"start":{"line":21,"column":33},"end":{"line":21,"column":98}},"14":{"start":{"line":22,"column":12},"end":{"line":22,"column":32}},"15":{"start":{"line":25,"column":25},"end":{"line":25,"column":83}},"16":{"start":{"line":26,"column":4},"end":{"line":26,"column":24}}},"fnMap":{"0":{"name":"(anonymous_0)","decl":{"start":{"line":3,"column":31},"end":{"line":3,"column":32}},"loc":{"start":{"line":3,"column":66},"end":{"line":27,"column":1}},"line":3}},"branchMap":{"0":{"loc":{"start":{"line":4,"column":4},"end":{"line":6,"column":5}},"type":"if","locations":[{"start":{"line":4,"column":4},"end":{"line":6,"column":5}},{"start":{},"end":{}}],"line":4},"1":{"loc":{"start":{"line":19,"column":8},"end":{"line":23,"column":9}},"type":"if","locations":[{"start":{"line":19,"column":8},"end":{"line":23,"column":9}},{"start":{},"end":{}}],"line":19}},"s":{"0":2,"1":6,"2":2,"3":4,"4":4,"5":4,"6":4,"7":4,"8":29,"9":29,"10":29,"11":29,"12":29,"13":2,"14":2,"15":2,"16":2},"f":{"0":6},"b":{"0":[2,4],"1":[2,27]},"_coverageSchema":"1a1c01bbd47fc00a2c39e90264f33305004495a9","hash":"d603ac067e81c1a60dd26d953f9a3584c94b0c58"}
}
