TN:
SF:components\InputComponents\AutoCompleteSearchWrapper.tsx
FN:11,(anonymous_0)
FN:28,(anonymous_1)
FN:39,(anonymous_2)
FN:84,(anonymous_3)
FN:103,(anonymous_4)
FNF:5
FNH:0
FNDA:0,(anonymous_0)
FNDA:0,(anonymous_1)
FNDA:0,(anonymous_2)
FNDA:0,(anonymous_3)
FNDA:0,(anonymous_4)
DA:11,0
DA:25,0
DA:28,0
DA:29,0
DA:31,0
DA:32,0
DA:35,0
DA:38,0
DA:39,0
DA:41,0
DA:42,0
DA:45,0
DA:50,0
DA:51,0
DA:53,0
DA:55,0
DA:56,0
DA:64,0
DA:65,0
DA:66,0
DA:69,0
DA:70,0
DA:71,0
DA:75,0
DA:78,0
DA:79,0
DA:84,0
DA:85,0
DA:86,0
DA:88,0
DA:89,0
DA:99,0
DA:103,0
DA:104,0
DA:105,0
DA:108,0
LF:36
LH:0
BRDA:29,0,0,0
BRDA:29,0,1,0
BRDA:58,1,0,0
BRDA:58,1,1,0
BRDA:59,2,0,0
BRDA:59,2,1,0
BRDA:64,3,0,0
BRDA:64,3,1,0
BRDA:70,4,0,0
BRDA:70,4,1,0
BRDA:86,5,0,0
BRDA:86,5,1,0
BRF:12
BRH:0
end_of_record
TN:
SF:components\InputComponents\Buttons.tsx
FN:9,(anonymous_0)
FN:21,(anonymous_1)
FNF:2
FNH:2
FNDA:14,(anonymous_0)
FNDA:14,(anonymous_1)
DA:9,3
DA:14,14
DA:21,3
DA:27,14
LF:4
LH:4
BRF:0
BRH:0
end_of_record
TN:
SF:components\InputComponents\InputFields.tsx
FN:7,(anonymous_0)
FN:30,(anonymous_1)
FN:31,(anonymous_2)
FNF:3
FNH:3
FNDA:8,(anonymous_0)
FNDA:3,(anonymous_1)
FNDA:1,(anonymous_2)
DA:7,2
DA:8,8
DA:30,2
DA:31,3
DA:32,1
DA:35,3
LF:6
LH:6
BRDA:19,0,0,8
BRDA:19,0,1,4
BRDA:43,1,0,3
BRDA:43,1,1,1
BRF:4
BRH:4
end_of_record
TN:
SF:components\MapComponents\MapMarker.tsx
FN:5,(anonymous_0)
FNF:1
FNH:1
FNDA:4,(anonymous_0)
DA:5,1
DA:6,4
LF:2
LH:2
BRF:0
BRH:0
end_of_record
TN:
SF:components\MapComponents\MarkerInfoBox.tsx
FN:6,(anonymous_0)
FNF:1
FNH:1
FNDA:4,(anonymous_0)
DA:6,1
DA:7,4
LF:2
LH:2
BRF:0
BRH:0
end_of_record
TN:
SF:components\MapComponents\MarkersComponent.tsx
FN:5,(anonymous_0)
FN:11,(anonymous_1)
FN:23,(anonymous_2)
FNF:3
FNH:0
FNDA:0,(anonymous_0)
FNDA:0,(anonymous_1)
FNDA:0,(anonymous_2)
DA:5,0
DA:9,0
DA:12,0
DA:13,0
DA:15,0
DA:17,0
DA:23,0
LF:7
LH:0
BRDA:12,0,0,0
BRDA:12,0,1,0
BRDA:13,1,0,0
BRDA:13,1,1,0
BRDA:15,2,0,0
BRDA:15,2,1,0
BRDA:15,3,0,0
BRDA:15,3,1,0
BRDA:19,4,0,0
BRDA:19,4,1,0
BRDA:21,5,0,0
BRDA:21,5,1,0
BRDA:22,6,0,0
BRDA:22,6,1,0
BRF:14
BRH:0
end_of_record
TN:
SF:components\MapComponents\RadiusSlider.tsx
FN:6,(anonymous_0)
FN:14,(anonymous_1)
FNF:2
FNH:0
FNDA:0,(anonymous_0)
FNDA:0,(anonymous_1)
DA:6,0
DA:10,0
DA:14,0
LF:3
LH:0
BRDA:7,0,0,0
BRF:1
BRH:0
end_of_record
TN:
SF:components\MapComponents\SwitchBotton.tsx
FN:7,(anonymous_0)
FNF:1
FNH:1
FNDA:3,(anonymous_0)
DA:7,1
DA:8,3
DA:20,1
LF:3
LH:3
BRF:0
BRH:0
end_of_record
TN:
SF:hooks\RequestUserLocation.tsx
FN:4,(anonymous_0)
FN:7,(anonymous_1)
FN:8,(anonymous_2)
FN:28,(anonymous_3)
FN:30,(anonymous_4)
FN:36,(anonymous_5)
FNF:6
FNH:5
FNDA:3,(anonymous_0)
FNDA:3,(anonymous_1)
FNDA:3,(anonymous_2)
FNDA:2,(anonymous_3)
FNDA:0,(anonymous_4)
FNDA:1,(anonymous_5)
DA:4,3
DA:5,3
DA:7,3
DA:8,3
DA:9,3
DA:11,3
DA:21,3
DA:22,2
DA:24,1
DA:28,3
DA:29,2
DA:31,0
DA:37,1
DA:38,1
DA:44,3
DA:47,3
LF:16
LH:15
BRDA:9,0,0,0
BRDA:9,0,1,3
BRDA:21,1,0,2
BRDA:21,1,1,1
BRF:4
BRH:3
end_of_record
TN:
SF:navigation\Navigation.tsx
FN:14,Navigation
FN:17,(anonymous_1)
FN:18,(anonymous_2)
FNF:3
FNH:3
FNDA:1,Navigation
FNDA:4,(anonymous_1)
FNDA:8,(anonymous_2)
DA:13,1
DA:15,1
DA:17,4
DA:20,8
DA:22,8
DA:23,2
DA:24,6
DA:25,2
DA:26,4
DA:27,2
DA:28,2
DA:29,2
DA:33,8
LF:13
LH:13
BRDA:22,0,0,2
BRDA:22,0,1,6
BRDA:23,1,0,1
BRDA:23,1,1,1
BRDA:24,2,0,2
BRDA:24,2,1,4
BRDA:25,3,0,1
BRDA:25,3,1,1
BRDA:26,4,0,2
BRDA:26,4,1,2
BRDA:27,5,0,1
BRDA:27,5,1,1
BRDA:28,6,0,2
BRDA:28,6,1,0
BRDA:29,7,0,1
BRDA:29,7,1,1
BRF:16
BRH:15
end_of_record
TN:
SF:screens\DirectionsScreen.tsx
FN:19,DirectionsScreen
FN:35,(anonymous_1)
FN:36,(anonymous_2)
FN:45,(anonymous_3)
FN:49,(anonymous_4)
FN:66,(anonymous_5)
FN:75,(anonymous_6)
FN:87,(anonymous_7)
FN:103,(anonymous_8)
FN:117,(anonymous_9)
FN:159,(anonymous_10)
FN:163,(anonymous_11)
FN:167,(anonymous_12)
FN:171,(anonymous_13)
FN:175,(anonymous_14)
FN:183,(anonymous_15)
FN:204,(anonymous_16)
FN:216,(anonymous_17)
FN:224,(anonymous_18)
FN:230,(anonymous_19)
FN:231,(anonymous_20)
FN:232,(anonymous_21)
FN:233,(anonymous_22)
FNF:23
FNH:0
FNDA:0,DirectionsScreen
FNDA:0,(anonymous_1)
FNDA:0,(anonymous_2)
FNDA:0,(anonymous_3)
FNDA:0,(anonymous_4)
FNDA:0,(anonymous_5)
FNDA:0,(anonymous_6)
FNDA:0,(anonymous_7)
FNDA:0,(anonymous_8)
FNDA:0,(anonymous_9)
FNDA:0,(anonymous_10)
FNDA:0,(anonymous_11)
FNDA:0,(anonymous_12)
FNDA:0,(anonymous_13)
FNDA:0,(anonymous_14)
FNDA:0,(anonymous_15)
FNDA:0,(anonymous_16)
FNDA:0,(anonymous_17)
FNDA:0,(anonymous_18)
FNDA:0,(anonymous_19)
FNDA:0,(anonymous_20)
FNDA:0,(anonymous_21)
FNDA:0,(anonymous_22)
DA:16,0
DA:17,0
DA:20,0
DA:21,0
DA:22,0
DA:23,0
DA:24,0
DA:25,0
DA:26,0
DA:27,0
DA:28,0
DA:29,0
DA:30,0
DA:31,0
DA:32,0
DA:33,0
DA:35,0
DA:36,0
DA:37,0
DA:38,0
DA:39,0
DA:40,0
DA:42,0
DA:45,0
DA:46,0
DA:47,0
DA:49,0
DA:50,0
DA:55,0
DA:57,0
DA:58,0
DA:60,0
DA:62,0
DA:66,0
DA:67,0
DA:68,0
DA:75,0
DA:76,0
DA:87,0
DA:88,0
DA:93,0
DA:95,0
DA:96,0
DA:98,0
DA:100,0
DA:103,0
DA:104,0
DA:105,0
DA:106,0
DA:107,0
DA:108,0
DA:109,0
DA:110,0
DA:112,0
DA:117,0
DA:118,0
DA:121,0
DA:125,0
DA:126,0
DA:128,0
DA:130,0
DA:131,0
DA:132,0
DA:133,0
DA:134,0
DA:135,0
DA:136,0
DA:137,0
DA:138,0
DA:139,0
DA:140,0
DA:141,0
DA:142,0
DA:143,0
DA:144,0
DA:145,0
DA:146,0
DA:147,0
DA:150,0
DA:151,0
DA:152,0
DA:155,0
DA:159,0
DA:160,0
DA:163,0
DA:164,0
DA:167,0
DA:168,0
DA:171,0
DA:172,0
DA:175,0
DA:176,0
DA:179,0
DA:183,0
DA:184,0
DA:186,0
DA:190,0
DA:205,0
DA:206,0
DA:216,0
DA:224,0
DA:230,0
DA:231,0
DA:232,0
DA:233,0
LF:105
LH:0
BRDA:39,0,0,0
BRDA:39,0,1,0
BRDA:40,1,0,0
BRDA:40,1,1,0
BRDA:46,2,0,0
BRDA:46,2,1,0
BRDA:67,3,0,0
BRDA:67,3,1,0
BRDA:67,4,0,0
BRDA:67,4,1,0
BRDA:98,5,0,0
BRDA:98,5,1,0
BRDA:107,6,0,0
BRDA:107,6,1,0
BRDA:107,7,0,0
BRDA:107,7,1,0
BRDA:130,8,0,0
BRDA:130,8,1,0
BRDA:130,9,0,0
BRDA:130,9,1,0
BRDA:131,10,0,0
BRDA:131,10,1,0
BRDA:131,11,0,0
BRDA:131,11,1,0
BRDA:132,12,0,0
BRDA:132,12,1,0
BRDA:140,13,0,0
BRDA:140,13,1,0
BRDA:176,14,0,0
BRDA:176,14,1,0
BRDA:184,15,0,0
BRDA:184,15,1,0
BRDA:193,16,0,0
BRDA:193,16,1,0
BRDA:194,17,0,0
BRDA:194,17,1,0
BRDA:195,18,0,0
BRDA:195,18,1,0
BRDA:195,18,2,0
BRDA:195,18,3,0
BRDA:216,19,0,0
BRDA:216,19,1,0
BRDA:221,20,0,0
BRDA:221,20,1,0
BRDA:223,21,0,0
BRDA:223,21,1,0
BRDA:224,22,0,0
BRDA:224,22,1,0
BRDA:234,23,0,0
BRDA:234,23,1,0
BRDA:234,23,2,0
BRDA:239,24,0,0
BRDA:239,24,1,0
BRF:53
BRH:0
end_of_record
TN:
SF:screens\MapExplorerScreen.tsx
FN:20,(anonymous_0)
FN:81,MapExplorerScreen
FN:90,(anonymous_2)
FN:91,(anonymous_3)
FN:119,(anonymous_4)
FN:128,(anonymous_5)
FN:133,(anonymous_6)
FN:138,(anonymous_7)
FN:143,(anonymous_8)
FN:148,(anonymous_9)
FNF:10
FNH:0
FNDA:0,(anonymous_0)
FNDA:0,MapExplorerScreen
FNDA:0,(anonymous_2)
FNDA:0,(anonymous_3)
FNDA:0,(anonymous_4)
FNDA:0,(anonymous_5)
FNDA:0,(anonymous_6)
FNDA:0,(anonymous_7)
FNDA:0,(anonymous_8)
FNDA:0,(anonymous_9)
DA:17,0
DA:20,0
DA:33,0
DA:82,0
DA:83,0
DA:84,0
DA:85,0
DA:86,0
DA:87,0
DA:88,0
DA:90,0
DA:91,0
DA:92,0
DA:93,0
DA:94,0
DA:95,0
DA:98,0
DA:99,0
DA:104,0
DA:105,0
DA:111,0
DA:112,0
DA:114,0
DA:119,0
DA:120,0
DA:121,0
DA:123,0
DA:124,0
DA:128,0
DA:129,0
DA:130,0
DA:133,0
DA:134,0
DA:135,0
DA:138,0
DA:139,0
DA:140,0
DA:143,0
DA:144,0
DA:145,0
DA:148,0
DA:149,0
DA:150,0
DA:152,0
DA:156,0
LF:45
LH:0
BRDA:54,0,0,0
BRDA:54,0,1,0
BRDA:93,1,0,0
BRDA:93,1,1,0
BRDA:120,2,0,0
BRDA:120,2,1,0
BRDA:149,3,0,0
BRDA:149,3,1,0
BRDA:162,4,0,0
BRDA:162,4,1,0
BRDA:190,5,0,0
BRDA:190,5,1,0
BRDA:190,5,2,0
BRDA:192,6,0,0
BRDA:192,6,1,0
BRDA:193,7,0,0
BRDA:193,7,1,0
BRF:17
BRH:0
end_of_record
TN:
SF:screens\SettingsScreen.tsx
FN:12,SettingsScreen
FN:13,(anonymous_1)
FNF:2
FNH:0
FNDA:0,SettingsScreen
FNDA:0,(anonymous_1)
DA:13,0
DA:14,0
DA:15,0
DA:16,0
DA:17,0
DA:20,0
DA:21,0
DA:24,0
DA:32,1
LF:9
LH:1
BRDA:15,0,0,0
BRDA:15,0,1,0
BRF:2
BRH:0
end_of_record
TN:
SF:screens\UpdatesScreen.tsx
FN:10,UpdatesScreen
FNF:1
FNH:0
FNDA:0,UpdatesScreen
DA:11,0
DA:19,1
LF:2
LH:1
BRF:0
BRH:0
end_of_record
TN:
SF:screens\_tests_\jestSetup.js
FN:1,(anonymous_0)
FNF:1
FNH:0
FNDA:0,(anonymous_0)
DA:1,0
LF:1
LH:0
BRF:0
BRH:0
end_of_record
TN:
SF:services\DirectionService.ts
FN:8,(anonymous_0)
FNF:1
FNH:1
FNDA:3,(anonymous_0)
DA:8,1
DA:16,3
DA:17,3
DA:19,3
DA:20,3
DA:22,3
DA:24,3
DA:26,3
DA:27,3
DA:28,2
DA:29,0
DA:35,2
DA:37,2
DA:38,1
DA:39,1
DA:41,1
DA:44,2
DA:45,2
DA:46,0
DA:47,0
DA:50,2
DA:52,2
DA:53,0
DA:57,2
DA:59,3
LF:25
LH:21
BRDA:28,0,0,0
BRDA:28,0,1,2
BRDA:37,1,0,1
BRDA:37,1,1,1
BRDA:44,2,0,2
BRDA:44,2,1,0
BRDA:45,3,0,0
BRDA:45,3,1,2
BRDA:52,4,0,0
BRDA:52,4,1,2
BRF:10
BRH:6
end_of_record
TN:
SF:services\DurationService.ts
FN:4,(anonymous_0)
FNF:1
FNH:0
FNDA:0,(anonymous_0)
DA:4,0
DA:6,0
DA:8,0
DA:9,0
DA:11,0
DA:12,0
DA:14,0
LF:7
LH:0
BRDA:11,0,0,0
BRDA:11,0,1,0
BRDA:11,1,0,0
BRDA:11,1,1,0
BRF:4
BRH:0
end_of_record
TN:
SF:services\PlacesService.ts
FN:5,(anonymous_0)
FN:47,(anonymous_1)
FN:54,(anonymous_2)
FNF:3
FNH:3
FNDA:3,(anonymous_0)
FNDA:1,(anonymous_1)
FNDA:1,(anonymous_2)
DA:5,1
DA:12,3
DA:15,3
DA:18,3
DA:20,3
DA:21,3
DA:23,3
DA:24,3
DA:25,3
DA:27,3
DA:28,3
DA:30,2
DA:31,1
DA:37,1
DA:39,1
DA:40,0
DA:43,1
DA:44,0
DA:47,1
DA:54,1
DA:59,1
DA:61,2
DA:62,2
DA:63,0
DA:64,0
DA:67,2
DA:69,2
DA:70,1
DA:74,1
DA:76,3
LF:30
LH:26
BRDA:10,0,0,3
BRDA:12,1,0,0
BRDA:12,1,1,3
BRDA:30,2,0,1
BRDA:30,2,1,1
BRDA:39,3,0,0
BRDA:39,3,1,1
BRDA:39,4,0,1
BRDA:39,4,1,1
BRDA:39,4,2,1
BRDA:43,5,0,0
BRDA:43,5,1,1
BRDA:43,6,0,1
BRDA:43,6,1,1
BRDA:61,7,0,2
BRDA:61,7,1,0
BRDA:62,8,0,0
BRDA:62,8,1,2
BRDA:69,9,0,1
BRDA:69,9,1,1
BRF:20
BRH:15
end_of_record
TN:
SF:services\ShuttleService.ts
FN:3,(anonymous_0)
FNF:1
FNH:1
FNDA:3,(anonymous_0)
DA:3,1
DA:4,3
DA:5,1
DA:8,2
DA:9,2
DA:11,2
DA:13,2
DA:14,24
DA:15,24
DA:16,24
DA:17,24
DA:19,24
DA:21,1
DA:22,1
DA:25,1
DA:26,1
LF:16
LH:16
BRDA:4,0,0,1
BRDA:4,0,1,2
BRDA:19,1,0,1
BRDA:19,1,1,23
BRF:4
BRH:4
end_of_record
